CRITICAL - 2022-12-12 03:06:22 --> App\Helpers\RajaOngkir::getCost(): Argument #4 ($courier) not passed
in APPPATH\Helpers\RajaOngkir.php on line 63.
 1 APPPATH\Controllers\Home.php(36): App\Helpers\RajaOngkir->getCost(null, null, null, null, true)
 2 SYSTEMPATH\CodeIgniter.php(927): App\Controllers\Home->getCost()
 3 SYSTEMPATH\CodeIgniter.php(482): CodeIgniter\CodeIgniter->runController(Object(App\Controllers\Home))
 4 SYSTEMPATH\CodeIgniter.php(351): CodeIgniter\CodeIgniter->handleRequest(null, Object(Config\Cache), false)
 5 FCPATH\index.php(67): CodeIgniter\CodeIgniter->run()
 6 SYSTEMPATH\Commands\Server\rewrite.php(46): require_once('FCPATH\\index.php')
CRITICAL - 2022-12-12 03:24:49 --> App\Helpers\RajaOngkir::getCost(): Argument #4 ($courier) not passed
in APPPATH\Helpers\RajaOngkir.php on line 63.
 1 APPPATH\Controllers\Home.php(36): App\Helpers\RajaOngkir->getCost(null, null, null, null, true)
 2 SYSTEMPATH\CodeIgniter.php(927): App\Controllers\Home->getCost()
 3 SYSTEMPATH\CodeIgniter.php(482): CodeIgniter\CodeIgniter->runController(Object(App\Controllers\Home))
 4 SYSTEMPATH\CodeIgniter.php(351): CodeIgniter\CodeIgniter->handleRequest(null, Object(Config\Cache), false)
 5 FCPATH\index.php(67): CodeIgniter\CodeIgniter->run()
 6 SYSTEMPATH\Commands\Server\rewrite.php(46): require_once('FCPATH\\index.php')
CRITICAL - 2022-12-12 03:24:56 --> App\Helpers\RajaOngkir::getCost(): Argument #4 ($courier) not passed
in APPPATH\Helpers\RajaOngkir.php on line 63.
 1 APPPATH\Controllers\Home.php(36): App\Helpers\RajaOngkir->getCost(null, null, null, null, true)
 2 SYSTEMPATH\CodeIgniter.php(927): App\Controllers\Home->getCost()
 3 SYSTEMPATH\CodeIgniter.php(482): CodeIgniter\CodeIgniter->runController(Object(App\Controllers\Home))
 4 SYSTEMPATH\CodeIgniter.php(351): CodeIgniter\CodeIgniter->handleRequest(null, Object(Config\Cache), false)
 5 FCPATH\index.php(67): CodeIgniter\CodeIgniter->run()
 6 SYSTEMPATH\Commands\Server\rewrite.php(46): require_once('FCPATH\\index.php')
CRITICAL - 2022-12-12 03:31:29 --> App\Helpers\RajaOngkir::getCost(): Argument #4 ($courier) not passed
in APPPATH\Helpers\RajaOngkir.php on line 63.
 1 APPPATH\Controllers\Home.php(36): App\Helpers\RajaOngkir->getCost(null, null, null, null, true)
 2 SYSTEMPATH\CodeIgniter.php(927): App\Controllers\Home->getCost()
 3 SYSTEMPATH\CodeIgniter.php(482): CodeIgniter\CodeIgniter->runController(Object(App\Controllers\Home))
 4 SYSTEMPATH\CodeIgniter.php(351): CodeIgniter\CodeIgniter->handleRequest(null, Object(Config\Cache), false)
 5 FCPATH\index.php(67): CodeIgniter\CodeIgniter->run()
 6 SYSTEMPATH\Commands\Server\rewrite.php(46): require_once('FCPATH\\index.php')
CRITICAL - 2022-12-12 03:33:49 --> App\Helpers\RajaOngkir::getCost(): Argument #4 ($courier) not passed
in APPPATH\Helpers\RajaOngkir.php on line 63.
 1 APPPATH\Controllers\Home.php(36): App\Helpers\RajaOngkir->getCost(null, null, null, null, true)
 2 SYSTEMPATH\CodeIgniter.php(927): App\Controllers\Home->getCost()
 3 SYSTEMPATH\CodeIgniter.php(482): CodeIgniter\CodeIgniter->runController(Object(App\Controllers\Home))
 4 SYSTEMPATH\CodeIgniter.php(351): CodeIgniter\CodeIgniter->handleRequest(null, Object(Config\Cache), false)
 5 FCPATH\index.php(67): CodeIgniter\CodeIgniter->run()
 6 SYSTEMPATH\Commands\Server\rewrite.php(46): require_once('FCPATH\\index.php')
CRITICAL - 2022-12-12 03:34:36 --> App\Helpers\RajaOngkir::getCost(): Argument #4 ($courier) not passed
in APPPATH\Helpers\RajaOngkir.php on line 63.
 1 APPPATH\Controllers\Home.php(36): App\Helpers\RajaOngkir->getCost(null, null, null, null, true)
 2 SYSTEMPATH\CodeIgniter.php(927): App\Controllers\Home->getCost()
 3 SYSTEMPATH\CodeIgniter.php(482): CodeIgniter\CodeIgniter->runController(Object(App\Controllers\Home))
 4 SYSTEMPATH\CodeIgniter.php(351): CodeIgniter\CodeIgniter->handleRequest(null, Object(Config\Cache), false)
 5 FCPATH\index.php(67): CodeIgniter\CodeIgniter->run()
 6 SYSTEMPATH\Commands\Server\rewrite.php(46): require_once('FCPATH\\index.php')
CRITICAL - 2022-12-12 03:38:02 --> App\Helpers\RajaOngkir::getCost(): Argument #4 ($courier) not passed
in APPPATH\Helpers\RajaOngkir.php on line 63.
 1 APPPATH\Controllers\Home.php(36): App\Helpers\RajaOngkir->getCost(null, null, null, null, true)
 2 SYSTEMPATH\CodeIgniter.php(927): App\Controllers\Home->getCost()
 3 SYSTEMPATH\CodeIgniter.php(482): CodeIgniter\CodeIgniter->runController(Object(App\Controllers\Home))
 4 SYSTEMPATH\CodeIgniter.php(351): CodeIgniter\CodeIgniter->handleRequest(null, Object(Config\Cache), false)
 5 FCPATH\index.php(67): CodeIgniter\CodeIgniter->run()
 6 SYSTEMPATH\Commands\Server\rewrite.php(46): require_once('FCPATH\\index.php')
CRITICAL - 2022-12-12 03:38:57 --> App\Helpers\RajaOngkir::getCost(): Argument #4 ($courier) not passed
in APPPATH\Helpers\RajaOngkir.php on line 63.
 1 APPPATH\Controllers\Home.php(36): App\Helpers\RajaOngkir->getCost(null, null, null, null, true)
 2 SYSTEMPATH\CodeIgniter.php(927): App\Controllers\Home->getCost()
 3 SYSTEMPATH\CodeIgniter.php(482): CodeIgniter\CodeIgniter->runController(Object(App\Controllers\Home))
 4 SYSTEMPATH\CodeIgniter.php(351): CodeIgniter\CodeIgniter->handleRequest(null, Object(Config\Cache), false)
 5 FCPATH\index.php(67): CodeIgniter\CodeIgniter->run()
 6 SYSTEMPATH\Commands\Server\rewrite.php(46): require_once('FCPATH\\index.php')
CRITICAL - 2022-12-12 03:42:25 --> App\Helpers\RajaOngkir::getCost(): Argument #4 ($courier) not passed
in APPPATH\Helpers\RajaOngkir.php on line 63.
 1 APPPATH\Controllers\Home.php(36): App\Helpers\RajaOngkir->getCost('17', null, '1000', null, true)
 2 SYSTEMPATH\CodeIgniter.php(927): App\Controllers\Home->getCost()
 3 SYSTEMPATH\CodeIgniter.php(482): CodeIgniter\CodeIgniter->runController(Object(App\Controllers\Home))
 4 SYSTEMPATH\CodeIgniter.php(351): CodeIgniter\CodeIgniter->handleRequest(null, Object(Config\Cache), false)
 5 FCPATH\index.php(67): CodeIgniter\CodeIgniter->run()
 6 SYSTEMPATH\Commands\Server\rewrite.php(46): require_once('FCPATH\\index.php')
CRITICAL - 2022-12-12 03:43:56 --> App\Helpers\RajaOngkir::getCost(): Argument #4 ($courier) not passed
in APPPATH\Helpers\RajaOngkir.php on line 63.
 1 APPPATH\Controllers\Home.php(44): App\Helpers\RajaOngkir->getCost(17, 36, 1200, null, true)
 2 SYSTEMPATH\CodeIgniter.php(927): App\Controllers\Home->tes()
 3 SYSTEMPATH\CodeIgniter.php(482): CodeIgniter\CodeIgniter->runController(Object(App\Controllers\Home))
 4 SYSTEMPATH\CodeIgniter.php(351): CodeIgniter\CodeIgniter->handleRequest(null, Object(Config\Cache), false)
 5 FCPATH\index.php(67): CodeIgniter\CodeIgniter->run()
 6 SYSTEMPATH\Commands\Server\rewrite.php(46): require_once('FCPATH\\index.php')
CRITICAL - 2022-12-12 03:44:21 --> App\Helpers\RajaOngkir::getCost(): Argument #4 ($courier) not passed
in APPPATH\Helpers\RajaOngkir.php on line 63.
 1 APPPATH\Controllers\Home.php(44): App\Helpers\RajaOngkir->getCost(17, 36, 1200, null, true)
 2 SYSTEMPATH\CodeIgniter.php(927): App\Controllers\Home->tes()
 3 SYSTEMPATH\CodeIgniter.php(482): CodeIgniter\CodeIgniter->runController(Object(App\Controllers\Home))
 4 SYSTEMPATH\CodeIgniter.php(351): CodeIgniter\CodeIgniter->handleRequest(null, Object(Config\Cache), false)
 5 FCPATH\index.php(67): CodeIgniter\CodeIgniter->run()
 6 SYSTEMPATH\Commands\Server\rewrite.php(46): require_once('FCPATH\\index.php')
CRITICAL - 2022-12-12 03:44:22 --> App\Helpers\RajaOngkir::getCost(): Argument #4 ($courier) not passed
in APPPATH\Helpers\RajaOngkir.php on line 63.
 1 APPPATH\Controllers\Home.php(44): App\Helpers\RajaOngkir->getCost(17, 36, 1200, null, true)
 2 SYSTEMPATH\CodeIgniter.php(927): App\Controllers\Home->tes()
 3 SYSTEMPATH\CodeIgniter.php(482): CodeIgniter\CodeIgniter->runController(Object(App\Controllers\Home))
 4 SYSTEMPATH\CodeIgniter.php(351): CodeIgniter\CodeIgniter->handleRequest(null, Object(Config\Cache), false)
 5 FCPATH\index.php(67): CodeIgniter\CodeIgniter->run()
 6 SYSTEMPATH\Commands\Server\rewrite.php(46): require_once('FCPATH\\index.php')
CRITICAL - 2022-12-12 03:45:05 --> App\Helpers\RajaOngkir::getCost(): Argument #4 ($courier) not passed
in APPPATH\Helpers\RajaOngkir.php on line 63.
 1 APPPATH\Controllers\Home.php(44): App\Helpers\RajaOngkir->getCost(17, 36, 1200, null, true)
 2 SYSTEMPATH\CodeIgniter.php(927): App\Controllers\Home->tes()
 3 SYSTEMPATH\CodeIgniter.php(482): CodeIgniter\CodeIgniter->runController(Object(App\Controllers\Home))
 4 SYSTEMPATH\CodeIgniter.php(351): CodeIgniter\CodeIgniter->handleRequest(null, Object(Config\Cache), false)
 5 FCPATH\index.php(67): CodeIgniter\CodeIgniter->run()
 6 SYSTEMPATH\Commands\Server\rewrite.php(46): require_once('FCPATH\\index.php')
CRITICAL - 2022-12-12 03:45:06 --> App\Helpers\RajaOngkir::getCost(): Argument #4 ($courier) not passed
in APPPATH\Helpers\RajaOngkir.php on line 63.
 1 APPPATH\Controllers\Home.php(44): App\Helpers\RajaOngkir->getCost(17, 36, 1200, null, true)
 2 SYSTEMPATH\CodeIgniter.php(927): App\Controllers\Home->tes()
 3 SYSTEMPATH\CodeIgniter.php(482): CodeIgniter\CodeIgniter->runController(Object(App\Controllers\Home))
 4 SYSTEMPATH\CodeIgniter.php(351): CodeIgniter\CodeIgniter->handleRequest(null, Object(Config\Cache), false)
 5 FCPATH\index.php(67): CodeIgniter\CodeIgniter->run()
 6 SYSTEMPATH\Commands\Server\rewrite.php(46): require_once('FCPATH\\index.php')
CRITICAL - 2022-12-12 03:45:28 --> App\Helpers\RajaOngkir::getCost(): Argument #4 ($courier) not passed
in APPPATH\Helpers\RajaOngkir.php on line 64.
 1 APPPATH\Controllers\Home.php(44): App\Helpers\RajaOngkir->getCost(17, 36, 1200, null, true)
 2 SYSTEMPATH\CodeIgniter.php(927): App\Controllers\Home->tes()
 3 SYSTEMPATH\CodeIgniter.php(482): CodeIgniter\CodeIgniter->runController(Object(App\Controllers\Home))
 4 SYSTEMPATH\CodeIgniter.php(351): CodeIgniter\CodeIgniter->handleRequest(null, Object(Config\Cache), false)
 5 FCPATH\index.php(67): CodeIgniter\CodeIgniter->run()
 6 SYSTEMPATH\Commands\Server\rewrite.php(46): require_once('FCPATH\\index.php')
CRITICAL - 2022-12-12 03:45:39 --> App\Helpers\RajaOngkir::getCost(): Argument #4 ($courier) not passed
in APPPATH\Helpers\RajaOngkir.php on line 64.
 1 APPPATH\Controllers\Home.php(44): App\Helpers\RajaOngkir->getCost(17, 36, 1200, null, true)
 2 SYSTEMPATH\CodeIgniter.php(927): App\Controllers\Home->tes()
 3 SYSTEMPATH\CodeIgniter.php(482): CodeIgniter\CodeIgniter->runController(Object(App\Controllers\Home))
 4 SYSTEMPATH\CodeIgniter.php(351): CodeIgniter\CodeIgniter->handleRequest(null, Object(Config\Cache), false)
 5 FCPATH\index.php(67): CodeIgniter\CodeIgniter->run()
 6 SYSTEMPATH\Commands\Server\rewrite.php(46): require_once('FCPATH\\index.php')
CRITICAL - 2022-12-12 03:45:40 --> App\Helpers\RajaOngkir::getCost(): Argument #4 ($courier) not passed
in APPPATH\Helpers\RajaOngkir.php on line 64.
 1 APPPATH\Controllers\Home.php(44): App\Helpers\RajaOngkir->getCost(17, 36, 1200, null, true)
 2 SYSTEMPATH\CodeIgniter.php(927): App\Controllers\Home->tes()
 3 SYSTEMPATH\CodeIgniter.php(482): CodeIgniter\CodeIgniter->runController(Object(App\Controllers\Home))
 4 SYSTEMPATH\CodeIgniter.php(351): CodeIgniter\CodeIgniter->handleRequest(null, Object(Config\Cache), false)
 5 FCPATH\index.php(67): CodeIgniter\CodeIgniter->run()
 6 SYSTEMPATH\Commands\Server\rewrite.php(46): require_once('FCPATH\\index.php')
CRITICAL - 2022-12-12 03:45:40 --> App\Helpers\RajaOngkir::getCost(): Argument #4 ($courier) not passed
in APPPATH\Helpers\RajaOngkir.php on line 64.
 1 APPPATH\Controllers\Home.php(44): App\Helpers\RajaOngkir->getCost(17, 36, 1200, null, true)
 2 SYSTEMPATH\CodeIgniter.php(927): App\Controllers\Home->tes()
 3 SYSTEMPATH\CodeIgniter.php(482): CodeIgniter\CodeIgniter->runController(Object(App\Controllers\Home))
 4 SYSTEMPATH\CodeIgniter.php(351): CodeIgniter\CodeIgniter->handleRequest(null, Object(Config\Cache), false)
 5 FCPATH\index.php(67): CodeIgniter\CodeIgniter->run()
 6 SYSTEMPATH\Commands\Server\rewrite.php(46): require_once('FCPATH\\index.php')
CRITICAL - 2022-12-12 03:51:03 --> 22 : The requested URL returned error: 400
in SYSTEMPATH\HTTP\CURLRequest.php on line 655.
 1 SYSTEMPATH\HTTP\CURLRequest.php(655): CodeIgniter\HTTP\Exceptions\HTTPException::forCurlError('22', 'The requested URL returned error: 400')
 2 SYSTEMPATH\HTTP\CURLRequest.php(363): CodeIgniter\HTTP\CURLRequest->sendRequest([...])
 3 SYSTEMPATH\HTTP\CURLRequest.php(136): CodeIgniter\HTTP\CURLRequest->send('POST', 'http://api.rajaongkir.com/starter/cost')
 4 APPPATH\Helpers\RajaOngkir.php(42): CodeIgniter\HTTP\CURLRequest->request('POST', 'http://api.rajaongkir.com/starter/cost', [...])
 5 APPPATH\Helpers\RajaOngkir.php(65): App\Helpers\RajaOngkir->post('cost', [...], true)
 6 APPPATH\Controllers\Home.php(37): App\Helpers\RajaOngkir->getCost('17', null, 1000, 'pos', true)
 7 SYSTEMPATH\CodeIgniter.php(927): App\Controllers\Home->getCost()
 8 SYSTEMPATH\CodeIgniter.php(482): CodeIgniter\CodeIgniter->runController(Object(App\Controllers\Home))
 9 SYSTEMPATH\CodeIgniter.php(351): CodeIgniter\CodeIgniter->handleRequest(null, Object(Config\Cache), false)
10 FCPATH\index.php(67): CodeIgniter\CodeIgniter->run()
11 SYSTEMPATH\Commands\Server\rewrite.php(46): require_once('FCPATH\\index.php')
CRITICAL - 2022-12-12 03:51:29 --> 22 : The requested URL returned error: 400
in SYSTEMPATH\HTTP\CURLRequest.php on line 655.
 1 SYSTEMPATH\HTTP\CURLRequest.php(655): CodeIgniter\HTTP\Exceptions\HTTPException::forCurlError('22', 'The requested URL returned error: 400')
 2 SYSTEMPATH\HTTP\CURLRequest.php(363): CodeIgniter\HTTP\CURLRequest->sendRequest([...])
 3 SYSTEMPATH\HTTP\CURLRequest.php(136): CodeIgniter\HTTP\CURLRequest->send('POST', 'http://api.rajaongkir.com/starter/cost')
 4 APPPATH\Helpers\RajaOngkir.php(42): CodeIgniter\HTTP\CURLRequest->request('POST', 'http://api.rajaongkir.com/starter/cost', [...])
 5 APPPATH\Helpers\RajaOngkir.php(65): App\Helpers\RajaOngkir->post('cost', [...], true)
 6 APPPATH\Controllers\Home.php(37): App\Helpers\RajaOngkir->getCost('17', null, 1000, 'pos', true)
 7 SYSTEMPATH\CodeIgniter.php(927): App\Controllers\Home->getCost()
 8 SYSTEMPATH\CodeIgniter.php(482): CodeIgniter\CodeIgniter->runController(Object(App\Controllers\Home))
 9 SYSTEMPATH\CodeIgniter.php(351): CodeIgniter\CodeIgniter->handleRequest(null, Object(Config\Cache), false)
10 FCPATH\index.php(67): CodeIgniter\CodeIgniter->run()
11 SYSTEMPATH\Commands\Server\rewrite.php(46): require_once('FCPATH\\index.php')
CRITICAL - 2022-12-12 03:52:47 --> 22 : The requested URL returned error: 400
in SYSTEMPATH\HTTP\CURLRequest.php on line 655.
 1 SYSTEMPATH\HTTP\CURLRequest.php(655): CodeIgniter\HTTP\Exceptions\HTTPException::forCurlError('22', 'The requested URL returned error: 400')
 2 SYSTEMPATH\HTTP\CURLRequest.php(363): CodeIgniter\HTTP\CURLRequest->sendRequest([...])
 3 SYSTEMPATH\HTTP\CURLRequest.php(136): CodeIgniter\HTTP\CURLRequest->send('POST', 'http://api.rajaongkir.com/starter/cost')
 4 APPPATH\Helpers\RajaOngkir.php(42): CodeIgniter\HTTP\CURLRequest->request('POST', 'http://api.rajaongkir.com/starter/cost', [...])
 5 APPPATH\Helpers\RajaOngkir.php(65): App\Helpers\RajaOngkir->post('cost', [...], true)
 6 APPPATH\Controllers\Home.php(37): App\Helpers\RajaOngkir->getCost('17', null, 1000, 'jne', true)
 7 SYSTEMPATH\CodeIgniter.php(927): App\Controllers\Home->getCost()
 8 SYSTEMPATH\CodeIgniter.php(482): CodeIgniter\CodeIgniter->runController(Object(App\Controllers\Home))
 9 SYSTEMPATH\CodeIgniter.php(351): CodeIgniter\CodeIgniter->handleRequest(null, Object(Config\Cache), false)
10 FCPATH\index.php(67): CodeIgniter\CodeIgniter->run()
11 SYSTEMPATH\Commands\Server\rewrite.php(46): require_once('FCPATH\\index.php')
CRITICAL - 2022-12-12 03:53:25 --> 22 : The requested URL returned error: 400
in SYSTEMPATH\HTTP\CURLRequest.php on line 655.
 1 SYSTEMPATH\HTTP\CURLRequest.php(655): CodeIgniter\HTTP\Exceptions\HTTPException::forCurlError('22', 'The requested URL returned error: 400')
 2 SYSTEMPATH\HTTP\CURLRequest.php(363): CodeIgniter\HTTP\CURLRequest->sendRequest([...])
 3 SYSTEMPATH\HTTP\CURLRequest.php(136): CodeIgniter\HTTP\CURLRequest->send('POST', 'http://api.rajaongkir.com/starter/cost')
 4 APPPATH\Helpers\RajaOngkir.php(42): CodeIgniter\HTTP\CURLRequest->request('POST', 'http://api.rajaongkir.com/starter/cost', [...])
 5 APPPATH\Helpers\RajaOngkir.php(65): App\Helpers\RajaOngkir->post('cost', [...], true)
 6 APPPATH\Controllers\Home.php(37): App\Helpers\RajaOngkir->getCost('17', null, 1000, 'jne', true)
 7 SYSTEMPATH\CodeIgniter.php(927): App\Controllers\Home->getCost()
 8 SYSTEMPATH\CodeIgniter.php(482): CodeIgniter\CodeIgniter->runController(Object(App\Controllers\Home))
 9 SYSTEMPATH\CodeIgniter.php(351): CodeIgniter\CodeIgniter->handleRequest(null, Object(Config\Cache), false)
10 FCPATH\index.php(67): CodeIgniter\CodeIgniter->run()
11 SYSTEMPATH\Commands\Server\rewrite.php(46): require_once('FCPATH\\index.php')
CRITICAL - 2022-12-12 03:55:20 --> Unknown named parameter $id
in APPPATH\Controllers\Home.php on line 46.
 1 SYSTEMPATH\CodeIgniter.php(927): App\Controllers\Home->tes()
 2 SYSTEMPATH\CodeIgniter.php(482): CodeIgniter\CodeIgniter->runController(Object(App\Controllers\Home))
 3 SYSTEMPATH\CodeIgniter.php(351): CodeIgniter\CodeIgniter->handleRequest(null, Object(Config\Cache), false)
 4 FCPATH\index.php(67): CodeIgniter\CodeIgniter->run()
 5 SYSTEMPATH\Commands\Server\rewrite.php(46): require_once('FCPATH\\index.php')
CRITICAL - 2022-12-12 03:57:01 --> 22 : The requested URL returned error: 400
in SYSTEMPATH\HTTP\CURLRequest.php on line 655.
 1 SYSTEMPATH\HTTP\CURLRequest.php(655): CodeIgniter\HTTP\Exceptions\HTTPException::forCurlError('22', 'The requested URL returned error: 400')
 2 SYSTEMPATH\HTTP\CURLRequest.php(363): CodeIgniter\HTTP\CURLRequest->sendRequest([...])
 3 SYSTEMPATH\HTTP\CURLRequest.php(136): CodeIgniter\HTTP\CURLRequest->send('POST', 'http://api.rajaongkir.com/starter/cost')
 4 APPPATH\Helpers\RajaOngkir.php(42): CodeIgniter\HTTP\CURLRequest->request('POST', 'http://api.rajaongkir.com/starter/cost', [...])
 5 APPPATH\Helpers\RajaOngkir.php(65): App\Helpers\RajaOngkir->post('cost', [...], true)
 6 APPPATH\Controllers\Home.php(37): App\Helpers\RajaOngkir->getCost('17', null, 1000, 'jne', true)
 7 SYSTEMPATH\CodeIgniter.php(927): App\Controllers\Home->getCost()
 8 SYSTEMPATH\CodeIgniter.php(482): CodeIgniter\CodeIgniter->runController(Object(App\Controllers\Home))
 9 SYSTEMPATH\CodeIgniter.php(351): CodeIgniter\CodeIgniter->handleRequest(null, Object(Config\Cache), false)
10 FCPATH\index.php(67): CodeIgniter\CodeIgniter->run()
11 SYSTEMPATH\Commands\Server\rewrite.php(46): require_once('FCPATH\\index.php')
CRITICAL - 2022-12-12 03:57:12 --> 22 : The requested URL returned error: 400
in SYSTEMPATH\HTTP\CURLRequest.php on line 655.
 1 SYSTEMPATH\HTTP\CURLRequest.php(655): CodeIgniter\HTTP\Exceptions\HTTPException::forCurlError('22', 'The requested URL returned error: 400')
 2 SYSTEMPATH\HTTP\CURLRequest.php(363): CodeIgniter\HTTP\CURLRequest->sendRequest([...])
 3 SYSTEMPATH\HTTP\CURLRequest.php(136): CodeIgniter\HTTP\CURLRequest->send('POST', 'http://api.rajaongkir.com/starter/cost')
 4 APPPATH\Helpers\RajaOngkir.php(42): CodeIgniter\HTTP\CURLRequest->request('POST', 'http://api.rajaongkir.com/starter/cost', [...])
 5 APPPATH\Helpers\RajaOngkir.php(65): App\Helpers\RajaOngkir->post('cost', [...], true)
 6 APPPATH\Controllers\Home.php(37): App\Helpers\RajaOngkir->getCost('17', null, 1000, 'jne', true)
 7 SYSTEMPATH\CodeIgniter.php(927): App\Controllers\Home->getCost()
 8 SYSTEMPATH\CodeIgniter.php(482): CodeIgniter\CodeIgniter->runController(Object(App\Controllers\Home))
 9 SYSTEMPATH\CodeIgniter.php(351): CodeIgniter\CodeIgniter->handleRequest(null, Object(Config\Cache), false)
10 FCPATH\index.php(67): CodeIgniter\CodeIgniter->run()
11 SYSTEMPATH\Commands\Server\rewrite.php(46): require_once('FCPATH\\index.php')
CRITICAL - 2022-12-12 03:58:29 --> 22 : The requested URL returned error: 400
in SYSTEMPATH\HTTP\CURLRequest.php on line 655.
 1 SYSTEMPATH\HTTP\CURLRequest.php(655): CodeIgniter\HTTP\Exceptions\HTTPException::forCurlError('22', 'The requested URL returned error: 400')
 2 SYSTEMPATH\HTTP\CURLRequest.php(363): CodeIgniter\HTTP\CURLRequest->sendRequest([...])
 3 SYSTEMPATH\HTTP\CURLRequest.php(136): CodeIgniter\HTTP\CURLRequest->send('POST', 'http://api.rajaongkir.com/starter/cost')
 4 APPPATH\Helpers\RajaOngkir.php(42): CodeIgniter\HTTP\CURLRequest->request('POST', 'http://api.rajaongkir.com/starter/cost', [...])
 5 APPPATH\Helpers\RajaOngkir.php(65): App\Helpers\RajaOngkir->post('cost', [...], true)
 6 APPPATH\Controllers\Home.php(37): App\Helpers\RajaOngkir->getCost('27', null, 1000, 'jne', true)
 7 SYSTEMPATH\CodeIgniter.php(927): App\Controllers\Home->getCost()
 8 SYSTEMPATH\CodeIgniter.php(482): CodeIgniter\CodeIgniter->runController(Object(App\Controllers\Home))
 9 SYSTEMPATH\CodeIgniter.php(351): CodeIgniter\CodeIgniter->handleRequest(null, Object(Config\Cache), false)
10 FCPATH\index.php(67): CodeIgniter\CodeIgniter->run()
11 SYSTEMPATH\Commands\Server\rewrite.php(46): require_once('FCPATH\\index.php')
CRITICAL - 2022-12-12 03:59:06 --> 22 : The requested URL returned error: 400
in SYSTEMPATH\HTTP\CURLRequest.php on line 655.
 1 SYSTEMPATH\HTTP\CURLRequest.php(655): CodeIgniter\HTTP\Exceptions\HTTPException::forCurlError('22', 'The requested URL returned error: 400')
 2 SYSTEMPATH\HTTP\CURLRequest.php(363): CodeIgniter\HTTP\CURLRequest->sendRequest([...])
 3 SYSTEMPATH\HTTP\CURLRequest.php(136): CodeIgniter\HTTP\CURLRequest->send('POST', 'http://api.rajaongkir.com/starter/cost')
 4 APPPATH\Helpers\RajaOngkir.php(42): CodeIgniter\HTTP\CURLRequest->request('POST', 'http://api.rajaongkir.com/starter/cost', [...])
 5 APPPATH\Helpers\RajaOngkir.php(65): App\Helpers\RajaOngkir->post('cost', [...], true)
 6 APPPATH\Controllers\Home.php(37): App\Helpers\RajaOngkir->getCost('27', null, 1000, 'jne', true)
 7 SYSTEMPATH\CodeIgniter.php(927): App\Controllers\Home->getCost()
 8 SYSTEMPATH\CodeIgniter.php(482): CodeIgniter\CodeIgniter->runController(Object(App\Controllers\Home))
 9 SYSTEMPATH\CodeIgniter.php(351): CodeIgniter\CodeIgniter->handleRequest(null, Object(Config\Cache), false)
10 FCPATH\index.php(67): CodeIgniter\CodeIgniter->run()
11 SYSTEMPATH\Commands\Server\rewrite.php(46): require_once('FCPATH\\index.php')
CRITICAL - 2022-12-12 03:59:22 --> 22 : The requested URL returned error: 400
in SYSTEMPATH\HTTP\CURLRequest.php on line 655.
 1 SYSTEMPATH\HTTP\CURLRequest.php(655): CodeIgniter\HTTP\Exceptions\HTTPException::forCurlError('22', 'The requested URL returned error: 400')
 2 SYSTEMPATH\HTTP\CURLRequest.php(363): CodeIgniter\HTTP\CURLRequest->sendRequest([...])
 3 SYSTEMPATH\HTTP\CURLRequest.php(136): CodeIgniter\HTTP\CURLRequest->send('POST', 'http://api.rajaongkir.com/starter/cost')
 4 APPPATH\Helpers\RajaOngkir.php(42): CodeIgniter\HTTP\CURLRequest->request('POST', 'http://api.rajaongkir.com/starter/cost', [...])
 5 APPPATH\Helpers\RajaOngkir.php(65): App\Helpers\RajaOngkir->post('cost', [...], true)
 6 APPPATH\Controllers\Home.php(37): App\Helpers\RajaOngkir->getCost('27', null, 1000, 'jne', true)
 7 SYSTEMPATH\CodeIgniter.php(927): App\Controllers\Home->getCost()
 8 SYSTEMPATH\CodeIgniter.php(482): CodeIgniter\CodeIgniter->runController(Object(App\Controllers\Home))
 9 SYSTEMPATH\CodeIgniter.php(351): CodeIgniter\CodeIgniter->handleRequest(null, Object(Config\Cache), false)
10 FCPATH\index.php(67): CodeIgniter\CodeIgniter->run()
11 SYSTEMPATH\Commands\Server\rewrite.php(46): require_once('FCPATH\\index.php')
CRITICAL - 2022-12-12 04:00:10 --> 22 : The requested URL returned error: 400
in SYSTEMPATH\HTTP\CURLRequest.php on line 655.
 1 SYSTEMPATH\HTTP\CURLRequest.php(655): CodeIgniter\HTTP\Exceptions\HTTPException::forCurlError('22', 'The requested URL returned error: 400')
 2 SYSTEMPATH\HTTP\CURLRequest.php(363): CodeIgniter\HTTP\CURLRequest->sendRequest([...])
 3 SYSTEMPATH\HTTP\CURLRequest.php(136): CodeIgniter\HTTP\CURLRequest->send('POST', 'http://api.rajaongkir.com/starter/cost')
 4 APPPATH\Helpers\RajaOngkir.php(42): CodeIgniter\HTTP\CURLRequest->request('POST', 'http://api.rajaongkir.com/starter/cost', [...])
 5 APPPATH\Helpers\RajaOngkir.php(65): App\Helpers\RajaOngkir->post('cost', [...], true)
 6 APPPATH\Controllers\Home.php(37): App\Helpers\RajaOngkir->getCost('27', null, 10000, 'jne', true)
 7 SYSTEMPATH\CodeIgniter.php(927): App\Controllers\Home->getCost()
 8 SYSTEMPATH\CodeIgniter.php(482): CodeIgniter\CodeIgniter->runController(Object(App\Controllers\Home))
 9 SYSTEMPATH\CodeIgniter.php(351): CodeIgniter\CodeIgniter->handleRequest(null, Object(Config\Cache), false)
10 FCPATH\index.php(67): CodeIgniter\CodeIgniter->run()
11 SYSTEMPATH\Commands\Server\rewrite.php(46): require_once('FCPATH\\index.php')
CRITICAL - 2022-12-12 04:00:49 --> 22 : The requested URL returned error: 400
in SYSTEMPATH\HTTP\CURLRequest.php on line 655.
 1 SYSTEMPATH\HTTP\CURLRequest.php(655): CodeIgniter\HTTP\Exceptions\HTTPException::forCurlError('22', 'The requested URL returned error: 400')
 2 SYSTEMPATH\HTTP\CURLRequest.php(363): CodeIgniter\HTTP\CURLRequest->sendRequest([...])
 3 SYSTEMPATH\HTTP\CURLRequest.php(136): CodeIgniter\HTTP\CURLRequest->send('POST', 'http://api.rajaongkir.com/starter/cost')
 4 APPPATH\Helpers\RajaOngkir.php(42): CodeIgniter\HTTP\CURLRequest->request('POST', 'http://api.rajaongkir.com/starter/cost', [...])
 5 APPPATH\Helpers\RajaOngkir.php(65): App\Helpers\RajaOngkir->post('cost', [...], true)
 6 APPPATH\Controllers\Home.php(37): App\Helpers\RajaOngkir->getCost('17', null, 1000, 'jne', true)
 7 SYSTEMPATH\CodeIgniter.php(927): App\Controllers\Home->getCost()
 8 SYSTEMPATH\CodeIgniter.php(482): CodeIgniter\CodeIgniter->runController(Object(App\Controllers\Home))
 9 SYSTEMPATH\CodeIgniter.php(351): CodeIgniter\CodeIgniter->handleRequest(null, Object(Config\Cache), false)
10 FCPATH\index.php(67): CodeIgniter\CodeIgniter->run()
11 SYSTEMPATH\Commands\Server\rewrite.php(46): require_once('FCPATH\\index.php')
CRITICAL - 2022-12-12 04:01:01 --> 22 : The requested URL returned error: 400
in SYSTEMPATH\HTTP\CURLRequest.php on line 655.
 1 SYSTEMPATH\HTTP\CURLRequest.php(655): CodeIgniter\HTTP\Exceptions\HTTPException::forCurlError('22', 'The requested URL returned error: 400')
 2 SYSTEMPATH\HTTP\CURLRequest.php(363): CodeIgniter\HTTP\CURLRequest->sendRequest([...])
 3 SYSTEMPATH\HTTP\CURLRequest.php(136): CodeIgniter\HTTP\CURLRequest->send('POST', 'http://api.rajaongkir.com/starter/cost')
 4 APPPATH\Helpers\RajaOngkir.php(42): CodeIgniter\HTTP\CURLRequest->request('POST', 'http://api.rajaongkir.com/starter/cost', [...])
 5 APPPATH\Helpers\RajaOngkir.php(65): App\Helpers\RajaOngkir->post('cost', [...], true)
 6 APPPATH\Controllers\Home.php(37): App\Helpers\RajaOngkir->getCost('17', null, 1000, 'jne', true)
 7 SYSTEMPATH\CodeIgniter.php(927): App\Controllers\Home->getCost()
 8 SYSTEMPATH\CodeIgniter.php(482): CodeIgniter\CodeIgniter->runController(Object(App\Controllers\Home))
 9 SYSTEMPATH\CodeIgniter.php(351): CodeIgniter\CodeIgniter->handleRequest(null, Object(Config\Cache), false)
10 FCPATH\index.php(67): CodeIgniter\CodeIgniter->run()
11 SYSTEMPATH\Commands\Server\rewrite.php(46): require_once('FCPATH\\index.php')
CRITICAL - 2022-12-12 04:01:11 --> 22 : The requested URL returned error: 400
in SYSTEMPATH\HTTP\CURLRequest.php on line 655.
 1 SYSTEMPATH\HTTP\CURLRequest.php(655): CodeIgniter\HTTP\Exceptions\HTTPException::forCurlError('22', 'The requested URL returned error: 400')
 2 SYSTEMPATH\HTTP\CURLRequest.php(363): CodeIgniter\HTTP\CURLRequest->sendRequest([...])
 3 SYSTEMPATH\HTTP\CURLRequest.php(136): CodeIgniter\HTTP\CURLRequest->send('POST', 'http://api.rajaongkir.com/starter/cost')
 4 APPPATH\Helpers\RajaOngkir.php(42): CodeIgniter\HTTP\CURLRequest->request('POST', 'http://api.rajaongkir.com/starter/cost', [...])
 5 APPPATH\Helpers\RajaOngkir.php(65): App\Helpers\RajaOngkir->post('cost', [...], true)
 6 APPPATH\Controllers\Home.php(37): App\Helpers\RajaOngkir->getCost('17', null, 1000, 'jne', true)
 7 SYSTEMPATH\CodeIgniter.php(927): App\Controllers\Home->getCost()
 8 SYSTEMPATH\CodeIgniter.php(482): CodeIgniter\CodeIgniter->runController(Object(App\Controllers\Home))
 9 SYSTEMPATH\CodeIgniter.php(351): CodeIgniter\CodeIgniter->handleRequest(null, Object(Config\Cache), false)
10 FCPATH\index.php(67): CodeIgniter\CodeIgniter->run()
11 SYSTEMPATH\Commands\Server\rewrite.php(46): require_once('FCPATH\\index.php')
CRITICAL - 2022-12-12 04:02:11 --> 22 : The requested URL returned error: 400
in SYSTEMPATH\HTTP\CURLRequest.php on line 655.
 1 SYSTEMPATH\HTTP\CURLRequest.php(655): CodeIgniter\HTTP\Exceptions\HTTPException::forCurlError('22', 'The requested URL returned error: 400')
 2 SYSTEMPATH\HTTP\CURLRequest.php(363): CodeIgniter\HTTP\CURLRequest->sendRequest([...])
 3 SYSTEMPATH\HTTP\CURLRequest.php(136): CodeIgniter\HTTP\CURLRequest->send('POST', 'http://api.rajaongkir.com/starter/cost')
 4 APPPATH\Helpers\RajaOngkir.php(42): CodeIgniter\HTTP\CURLRequest->request('POST', 'http://api.rajaongkir.com/starter/cost', [...])
 5 APPPATH\Helpers\RajaOngkir.php(65): App\Helpers\RajaOngkir->post('cost', [...], true)
 6 APPPATH\Controllers\Home.php(37): App\Helpers\RajaOngkir->getCost('17', null, 1000, 'tiki', true)
 7 SYSTEMPATH\CodeIgniter.php(927): App\Controllers\Home->getCost()
 8 SYSTEMPATH\CodeIgniter.php(482): CodeIgniter\CodeIgniter->runController(Object(App\Controllers\Home))
 9 SYSTEMPATH\CodeIgniter.php(351): CodeIgniter\CodeIgniter->handleRequest(null, Object(Config\Cache), false)
10 FCPATH\index.php(67): CodeIgniter\CodeIgniter->run()
11 SYSTEMPATH\Commands\Server\rewrite.php(46): require_once('FCPATH\\index.php')
CRITICAL - 2022-12-12 04:02:26 --> 22 : The requested URL returned error: 400
in SYSTEMPATH\HTTP\CURLRequest.php on line 655.
 1 SYSTEMPATH\HTTP\CURLRequest.php(655): CodeIgniter\HTTP\Exceptions\HTTPException::forCurlError('22', 'The requested URL returned error: 400')
 2 SYSTEMPATH\HTTP\CURLRequest.php(363): CodeIgniter\HTTP\CURLRequest->sendRequest([...])
 3 SYSTEMPATH\HTTP\CURLRequest.php(136): CodeIgniter\HTTP\CURLRequest->send('POST', 'http://api.rajaongkir.com/starter/cost')
 4 APPPATH\Helpers\RajaOngkir.php(42): CodeIgniter\HTTP\CURLRequest->request('POST', 'http://api.rajaongkir.com/starter/cost', [...])
 5 APPPATH\Helpers\RajaOngkir.php(65): App\Helpers\RajaOngkir->post('cost', [...], true)
 6 APPPATH\Controllers\Home.php(37): App\Helpers\RajaOngkir->getCost('17', null, 1000, 'tiki', true)
 7 SYSTEMPATH\CodeIgniter.php(927): App\Controllers\Home->getCost()
 8 SYSTEMPATH\CodeIgniter.php(482): CodeIgniter\CodeIgniter->runController(Object(App\Controllers\Home))
 9 SYSTEMPATH\CodeIgniter.php(351): CodeIgniter\CodeIgniter->handleRequest(null, Object(Config\Cache), false)
10 FCPATH\index.php(67): CodeIgniter\CodeIgniter->run()
11 SYSTEMPATH\Commands\Server\rewrite.php(46): require_once('FCPATH\\index.php')
CRITICAL - 2022-12-12 04:03:23 --> 22 : The requested URL returned error: 400
in SYSTEMPATH\HTTP\CURLRequest.php on line 655.
 1 SYSTEMPATH\HTTP\CURLRequest.php(655): CodeIgniter\HTTP\Exceptions\HTTPException::forCurlError('22', 'The requested URL returned error: 400')
 2 SYSTEMPATH\HTTP\CURLRequest.php(363): CodeIgniter\HTTP\CURLRequest->sendRequest([...])
 3 SYSTEMPATH\HTTP\CURLRequest.php(136): CodeIgniter\HTTP\CURLRequest->send('POST', 'http://api.rajaongkir.com/starter/cost')
 4 APPPATH\Helpers\RajaOngkir.php(42): CodeIgniter\HTTP\CURLRequest->request('POST', 'http://api.rajaongkir.com/starter/cost', [...])
 5 APPPATH\Helpers\RajaOngkir.php(65): App\Helpers\RajaOngkir->post('cost', [...], true)
 6 APPPATH\Controllers\Home.php(37): App\Helpers\RajaOngkir->getCost('106', null, 1000, 'jne', true)
 7 SYSTEMPATH\CodeIgniter.php(927): App\Controllers\Home->getCost()
 8 SYSTEMPATH\CodeIgniter.php(482): CodeIgniter\CodeIgniter->runController(Object(App\Controllers\Home))
 9 SYSTEMPATH\CodeIgniter.php(351): CodeIgniter\CodeIgniter->handleRequest(null, Object(Config\Cache), false)
10 FCPATH\index.php(67): CodeIgniter\CodeIgniter->run()
11 SYSTEMPATH\Commands\Server\rewrite.php(46): require_once('FCPATH\\index.php')
CRITICAL - 2022-12-12 04:03:33 --> 22 : The requested URL returned error: 400
in SYSTEMPATH\HTTP\CURLRequest.php on line 655.
 1 SYSTEMPATH\HTTP\CURLRequest.php(655): CodeIgniter\HTTP\Exceptions\HTTPException::forCurlError('22', 'The requested URL returned error: 400')
 2 SYSTEMPATH\HTTP\CURLRequest.php(363): CodeIgniter\HTTP\CURLRequest->sendRequest([...])
 3 SYSTEMPATH\HTTP\CURLRequest.php(136): CodeIgniter\HTTP\CURLRequest->send('POST', 'http://api.rajaongkir.com/starter/cost')
 4 APPPATH\Helpers\RajaOngkir.php(42): CodeIgniter\HTTP\CURLRequest->request('POST', 'http://api.rajaongkir.com/starter/cost', [...])
 5 APPPATH\Helpers\RajaOngkir.php(65): App\Helpers\RajaOngkir->post('cost', [...], true)
 6 APPPATH\Controllers\Home.php(37): App\Helpers\RajaOngkir->getCost('106', null, 1000, 'jne', true)
 7 SYSTEMPATH\CodeIgniter.php(927): App\Controllers\Home->getCost()
 8 SYSTEMPATH\CodeIgniter.php(482): CodeIgniter\CodeIgniter->runController(Object(App\Controllers\Home))
 9 SYSTEMPATH\CodeIgniter.php(351): CodeIgniter\CodeIgniter->handleRequest(null, Object(Config\Cache), false)
10 FCPATH\index.php(67): CodeIgniter\CodeIgniter->run()
11 SYSTEMPATH\Commands\Server\rewrite.php(46): require_once('FCPATH\\index.php')
CRITICAL - 2022-12-12 04:08:11 --> 22 : The requested URL returned error: 400
in SYSTEMPATH\HTTP\CURLRequest.php on line 655.
 1 SYSTEMPATH\HTTP\CURLRequest.php(655): CodeIgniter\HTTP\Exceptions\HTTPException::forCurlError('22', 'The requested URL returned error: 400')
 2 SYSTEMPATH\HTTP\CURLRequest.php(363): CodeIgniter\HTTP\CURLRequest->sendRequest([...])
 3 SYSTEMPATH\HTTP\CURLRequest.php(136): CodeIgniter\HTTP\CURLRequest->send('POST', 'http://api.rajaongkir.com/starter/cost')
 4 APPPATH\Helpers\RajaOngkir.php(42): CodeIgniter\HTTP\CURLRequest->request('POST', 'http://api.rajaongkir.com/starter/cost', [...])
 5 APPPATH\Helpers\RajaOngkir.php(65): App\Helpers\RajaOngkir->post('cost', [...], true)
 6 APPPATH\Controllers\Home.php(37): App\Helpers\RajaOngkir->getCost('106', null, '1000', 'jne', true)
 7 SYSTEMPATH\CodeIgniter.php(927): App\Controllers\Home->getCost()
 8 SYSTEMPATH\CodeIgniter.php(482): CodeIgniter\CodeIgniter->runController(Object(App\Controllers\Home))
 9 SYSTEMPATH\CodeIgniter.php(351): CodeIgniter\CodeIgniter->handleRequest(null, Object(Config\Cache), false)
10 FCPATH\index.php(67): CodeIgniter\CodeIgniter->run()
11 SYSTEMPATH\Commands\Server\rewrite.php(46): require_once('FCPATH\\index.php')
CRITICAL - 2022-12-12 04:09:21 --> 22 : The requested URL returned error: 400
in SYSTEMPATH\HTTP\CURLRequest.php on line 655.
 1 SYSTEMPATH\HTTP\CURLRequest.php(655): CodeIgniter\HTTP\Exceptions\HTTPException::forCurlError('22', 'The requested URL returned error: 400')
 2 SYSTEMPATH\HTTP\CURLRequest.php(363): CodeIgniter\HTTP\CURLRequest->sendRequest([...])
 3 SYSTEMPATH\HTTP\CURLRequest.php(136): CodeIgniter\HTTP\CURLRequest->send('POST', 'http://api.rajaongkir.com/starter/cost')
 4 APPPATH\Helpers\RajaOngkir.php(42): CodeIgniter\HTTP\CURLRequest->request('POST', 'http://api.rajaongkir.com/starter/cost', [...])
 5 APPPATH\Helpers\RajaOngkir.php(65): App\Helpers\RajaOngkir->post('cost', [...], true)
 6 APPPATH\Controllers\Home.php(37): App\Helpers\RajaOngkir->getCost('106', null, 1000, 'jne', true)
 7 SYSTEMPATH\CodeIgniter.php(927): App\Controllers\Home->getCost()
 8 SYSTEMPATH\CodeIgniter.php(482): CodeIgniter\CodeIgniter->runController(Object(App\Controllers\Home))
 9 SYSTEMPATH\CodeIgniter.php(351): CodeIgniter\CodeIgniter->handleRequest(null, Object(Config\Cache), false)
10 FCPATH\index.php(67): CodeIgniter\CodeIgniter->run()
11 SYSTEMPATH\Commands\Server\rewrite.php(46): require_once('FCPATH\\index.php')
CRITICAL - 2022-12-12 04:16:00 --> 22 : The requested URL returned error: 400
in SYSTEMPATH\HTTP\CURLRequest.php on line 655.
 1 SYSTEMPATH\HTTP\CURLRequest.php(655): CodeIgniter\HTTP\Exceptions\HTTPException::forCurlError('22', 'The requested URL returned error: 400')
 2 SYSTEMPATH\HTTP\CURLRequest.php(363): CodeIgniter\HTTP\CURLRequest->sendRequest([...])
 3 SYSTEMPATH\HTTP\CURLRequest.php(136): CodeIgniter\HTTP\CURLRequest->send('POST', 'http://api.rajaongkir.com/starter/cost')
 4 APPPATH\Helpers\RajaOngkir.php(42): CodeIgniter\HTTP\CURLRequest->request('POST', 'http://api.rajaongkir.com/starter/cost', [...])
 5 APPPATH\Helpers\RajaOngkir.php(65): App\Helpers\RajaOngkir->post('cost', [...], true)
 6 APPPATH\Controllers\Home.php(37): App\Helpers\RajaOngkir->getCost('17', null, '1000', 'jne', true)
 7 SYSTEMPATH\CodeIgniter.php(927): App\Controllers\Home->getCost()
 8 SYSTEMPATH\CodeIgniter.php(482): CodeIgniter\CodeIgniter->runController(Object(App\Controllers\Home))
 9 SYSTEMPATH\CodeIgniter.php(351): CodeIgniter\CodeIgniter->handleRequest(null, Object(Config\Cache), false)
10 FCPATH\index.php(67): CodeIgniter\CodeIgniter->run()
11 SYSTEMPATH\Commands\Server\rewrite.php(46): require_once('FCPATH\\index.php')
CRITICAL - 2022-12-12 04:18:55 --> 22 : The requested URL returned error: 400
in SYSTEMPATH\HTTP\CURLRequest.php on line 655.
 1 SYSTEMPATH\HTTP\CURLRequest.php(655): CodeIgniter\HTTP\Exceptions\HTTPException::forCurlError('22', 'The requested URL returned error: 400')
 2 SYSTEMPATH\HTTP\CURLRequest.php(363): CodeIgniter\HTTP\CURLRequest->sendRequest([...])
 3 SYSTEMPATH\HTTP\CURLRequest.php(136): CodeIgniter\HTTP\CURLRequest->send('POST', 'http://api.rajaongkir.com/starter/cost')
 4 APPPATH\Helpers\RajaOngkir.php(42): CodeIgniter\HTTP\CURLRequest->request('POST', 'http://api.rajaongkir.com/starter/cost', [...])
 5 APPPATH\Helpers\RajaOngkir.php(65): App\Helpers\RajaOngkir->post('cost', [...], true)
 6 APPPATH\Controllers\Home.php(37): App\Helpers\RajaOngkir->getCost('27', null, '1000', 'pos', true)
 7 SYSTEMPATH\CodeIgniter.php(927): App\Controllers\Home->getCost()
 8 SYSTEMPATH\CodeIgniter.php(482): CodeIgniter\CodeIgniter->runController(Object(App\Controllers\Home))
 9 SYSTEMPATH\CodeIgniter.php(351): CodeIgniter\CodeIgniter->handleRequest(null, Object(Config\Cache), false)
10 FCPATH\index.php(67): CodeIgniter\CodeIgniter->run()
11 SYSTEMPATH\Commands\Server\rewrite.php(46): require_once('FCPATH\\index.php')
CRITICAL - 2022-12-12 04:20:40 --> 22 : The requested URL returned error: 400
in SYSTEMPATH\HTTP\CURLRequest.php on line 655.
 1 SYSTEMPATH\HTTP\CURLRequest.php(655): CodeIgniter\HTTP\Exceptions\HTTPException::forCurlError('22', 'The requested URL returned error: 400')
 2 SYSTEMPATH\HTTP\CURLRequest.php(363): CodeIgniter\HTTP\CURLRequest->sendRequest([...])
 3 SYSTEMPATH\HTTP\CURLRequest.php(136): CodeIgniter\HTTP\CURLRequest->send('POST', 'http://api.rajaongkir.com/starter/cost')
 4 APPPATH\Helpers\RajaOngkir.php(42): CodeIgniter\HTTP\CURLRequest->request('POST', 'http://api.rajaongkir.com/starter/cost', [...])
 5 APPPATH\Helpers\RajaOngkir.php(65): App\Helpers\RajaOngkir->post('cost', [...], true)
 6 APPPATH\Controllers\Home.php(37): App\Helpers\RajaOngkir->getCost(null, null, '1000', null, true)
 7 SYSTEMPATH\CodeIgniter.php(927): App\Controllers\Home->getCost()
 8 SYSTEMPATH\CodeIgniter.php(482): CodeIgniter\CodeIgniter->runController(Object(App\Controllers\Home))
 9 SYSTEMPATH\CodeIgniter.php(351): CodeIgniter\CodeIgniter->handleRequest(null, Object(Config\Cache), false)
10 FCPATH\index.php(67): CodeIgniter\CodeIgniter->run()
11 SYSTEMPATH\Commands\Server\rewrite.php(46): require_once('FCPATH\\index.php')
CRITICAL - 2022-12-12 04:35:57 --> 22 : The requested URL returned error: 400
in SYSTEMPATH\HTTP\CURLRequest.php on line 655.
 1 SYSTEMPATH\HTTP\CURLRequest.php(655): CodeIgniter\HTTP\Exceptions\HTTPException::forCurlError('22', 'The requested URL returned error: 400')
 2 SYSTEMPATH\HTTP\CURLRequest.php(363): CodeIgniter\HTTP\CURLRequest->sendRequest([...])
 3 SYSTEMPATH\HTTP\CURLRequest.php(136): CodeIgniter\HTTP\CURLRequest->send('POST', 'http://api.rajaongkir.com/starter/cost')
 4 APPPATH\Helpers\RajaOngkir.php(42): CodeIgniter\HTTP\CURLRequest->request('POST', 'http://api.rajaongkir.com/starter/cost', [...])
 5 APPPATH\Helpers\RajaOngkir.php(65): App\Helpers\RajaOngkir->post('cost', [...], true)
 6 APPPATH\Controllers\Home.php(37): App\Helpers\RajaOngkir->getCost(null, null, '1000', 'jne', true)
 7 SYSTEMPATH\CodeIgniter.php(927): App\Controllers\Home->getCost()
 8 SYSTEMPATH\CodeIgniter.php(482): CodeIgniter\CodeIgniter->runController(Object(App\Controllers\Home))
 9 SYSTEMPATH\CodeIgniter.php(351): CodeIgniter\CodeIgniter->handleRequest(null, Object(Config\Cache), false)
10 FCPATH\index.php(67): CodeIgniter\CodeIgniter->run()
11 SYSTEMPATH\Commands\Server\rewrite.php(46): require_once('FCPATH\\index.php')
CRITICAL - 2022-12-12 04:36:08 --> 22 : The requested URL returned error: 400
in SYSTEMPATH\HTTP\CURLRequest.php on line 655.
 1 SYSTEMPATH\HTTP\CURLRequest.php(655): CodeIgniter\HTTP\Exceptions\HTTPException::forCurlError('22', 'The requested URL returned error: 400')
 2 SYSTEMPATH\HTTP\CURLRequest.php(363): CodeIgniter\HTTP\CURLRequest->sendRequest([...])
 3 SYSTEMPATH\HTTP\CURLRequest.php(136): CodeIgniter\HTTP\CURLRequest->send('POST', 'http://api.rajaongkir.com/starter/cost')
 4 APPPATH\Helpers\RajaOngkir.php(42): CodeIgniter\HTTP\CURLRequest->request('POST', 'http://api.rajaongkir.com/starter/cost', [...])
 5 APPPATH\Helpers\RajaOngkir.php(65): App\Helpers\RajaOngkir->post('cost', [...], true)
 6 APPPATH\Controllers\Home.php(37): App\Helpers\RajaOngkir->getCost(null, null, '1000', 'jne', true)
 7 SYSTEMPATH\CodeIgniter.php(927): App\Controllers\Home->getCost()
 8 SYSTEMPATH\CodeIgniter.php(482): CodeIgniter\CodeIgniter->runController(Object(App\Controllers\Home))
 9 SYSTEMPATH\CodeIgniter.php(351): CodeIgniter\CodeIgniter->handleRequest(null, Object(Config\Cache), false)
10 FCPATH\index.php(67): CodeIgniter\CodeIgniter->run()
11 SYSTEMPATH\Commands\Server\rewrite.php(46): require_once('FCPATH\\index.php')
CRITICAL - 2022-12-12 04:36:59 --> 22 : The requested URL returned error: 400
in SYSTEMPATH\HTTP\CURLRequest.php on line 655.
 1 SYSTEMPATH\HTTP\CURLRequest.php(655): CodeIgniter\HTTP\Exceptions\HTTPException::forCurlError('22', 'The requested URL returned error: 400')
 2 SYSTEMPATH\HTTP\CURLRequest.php(363): CodeIgniter\HTTP\CURLRequest->sendRequest([...])
 3 SYSTEMPATH\HTTP\CURLRequest.php(136): CodeIgniter\HTTP\CURLRequest->send('POST', 'http://api.rajaongkir.com/starter/cost')
 4 APPPATH\Helpers\RajaOngkir.php(42): CodeIgniter\HTTP\CURLRequest->request('POST', 'http://api.rajaongkir.com/starter/cost', [...])
 5 APPPATH\Helpers\RajaOngkir.php(65): App\Helpers\RajaOngkir->post('cost', [...], true)
 6 APPPATH\Controllers\Home.php(37): App\Helpers\RajaOngkir->getCost(null, null, '1000', 'jne', true)
 7 SYSTEMPATH\CodeIgniter.php(927): App\Controllers\Home->getCost()
 8 SYSTEMPATH\CodeIgniter.php(482): CodeIgniter\CodeIgniter->runController(Object(App\Controllers\Home))
 9 SYSTEMPATH\CodeIgniter.php(351): CodeIgniter\CodeIgniter->handleRequest(null, Object(Config\Cache), false)
10 FCPATH\index.php(67): CodeIgniter\CodeIgniter->run()
11 SYSTEMPATH\Commands\Server\rewrite.php(46): require_once('FCPATH\\index.php')
CRITICAL - 2022-12-12 04:37:39 --> 22 : The requested URL returned error: 400
in SYSTEMPATH\HTTP\CURLRequest.php on line 655.
 1 SYSTEMPATH\HTTP\CURLRequest.php(655): CodeIgniter\HTTP\Exceptions\HTTPException::forCurlError('22', 'The requested URL returned error: 400')
 2 SYSTEMPATH\HTTP\CURLRequest.php(363): CodeIgniter\HTTP\CURLRequest->sendRequest([...])
 3 SYSTEMPATH\HTTP\CURLRequest.php(136): CodeIgniter\HTTP\CURLRequest->send('POST', 'http://api.rajaongkir.com/starter/cost')
 4 APPPATH\Helpers\RajaOngkir.php(42): CodeIgniter\HTTP\CURLRequest->request('POST', 'http://api.rajaongkir.com/starter/cost', [...])
 5 APPPATH\Helpers\RajaOngkir.php(65): App\Helpers\RajaOngkir->post('cost', [...], true)
 6 APPPATH\Controllers\Home.php(37): App\Helpers\RajaOngkir->getCost(null, null, '1000', 'jne', true)
 7 SYSTEMPATH\CodeIgniter.php(927): App\Controllers\Home->getCost()
 8 SYSTEMPATH\CodeIgniter.php(482): CodeIgniter\CodeIgniter->runController(Object(App\Controllers\Home))
 9 SYSTEMPATH\CodeIgniter.php(351): CodeIgniter\CodeIgniter->handleRequest(null, Object(Config\Cache), false)
10 FCPATH\index.php(67): CodeIgniter\CodeIgniter->run()
11 SYSTEMPATH\Commands\Server\rewrite.php(46): require_once('FCPATH\\index.php')
CRITICAL - 2022-12-12 04:37:48 --> 22 : The requested URL returned error: 400
in SYSTEMPATH\HTTP\CURLRequest.php on line 655.
 1 SYSTEMPATH\HTTP\CURLRequest.php(655): CodeIgniter\HTTP\Exceptions\HTTPException::forCurlError('22', 'The requested URL returned error: 400')
 2 SYSTEMPATH\HTTP\CURLRequest.php(363): CodeIgniter\HTTP\CURLRequest->sendRequest([...])
 3 SYSTEMPATH\HTTP\CURLRequest.php(136): CodeIgniter\HTTP\CURLRequest->send('POST', 'http://api.rajaongkir.com/starter/cost')
 4 APPPATH\Helpers\RajaOngkir.php(42): CodeIgniter\HTTP\CURLRequest->request('POST', 'http://api.rajaongkir.com/starter/cost', [...])
 5 APPPATH\Helpers\RajaOngkir.php(65): App\Helpers\RajaOngkir->post('cost', [...], true)
 6 APPPATH\Controllers\Home.php(37): App\Helpers\RajaOngkir->getCost(null, null, '1000', 'jne', true)
 7 SYSTEMPATH\CodeIgniter.php(927): App\Controllers\Home->getCost()
 8 SYSTEMPATH\CodeIgniter.php(482): CodeIgniter\CodeIgniter->runController(Object(App\Controllers\Home))
 9 SYSTEMPATH\CodeIgniter.php(351): CodeIgniter\CodeIgniter->handleRequest(null, Object(Config\Cache), false)
10 FCPATH\index.php(67): CodeIgniter\CodeIgniter->run()
11 SYSTEMPATH\Commands\Server\rewrite.php(46): require_once('FCPATH\\index.php')
CRITICAL - 2022-12-12 04:38:02 --> 22 : The requested URL returned error: 400
in SYSTEMPATH\HTTP\CURLRequest.php on line 655.
 1 SYSTEMPATH\HTTP\CURLRequest.php(655): CodeIgniter\HTTP\Exceptions\HTTPException::forCurlError('22', 'The requested URL returned error: 400')
 2 SYSTEMPATH\HTTP\CURLRequest.php(363): CodeIgniter\HTTP\CURLRequest->sendRequest([...])
 3 SYSTEMPATH\HTTP\CURLRequest.php(136): CodeIgniter\HTTP\CURLRequest->send('POST', 'http://api.rajaongkir.com/starter/cost')
 4 APPPATH\Helpers\RajaOngkir.php(42): CodeIgniter\HTTP\CURLRequest->request('POST', 'http://api.rajaongkir.com/starter/cost', [...])
 5 APPPATH\Helpers\RajaOngkir.php(65): App\Helpers\RajaOngkir->post('cost', [...], true)
 6 APPPATH\Controllers\Home.php(37): App\Helpers\RajaOngkir->getCost(null, null, 'ROOTPATH\\public', 'jne', true)
 7 SYSTEMPATH\CodeIgniter.php(927): App\Controllers\Home->getCost()
 8 SYSTEMPATH\CodeIgniter.php(482): CodeIgniter\CodeIgniter->runController(Object(App\Controllers\Home))
 9 SYSTEMPATH\CodeIgniter.php(351): CodeIgniter\CodeIgniter->handleRequest(null, Object(Config\Cache), false)
10 FCPATH\index.php(67): CodeIgniter\CodeIgniter->run()
11 SYSTEMPATH\Commands\Server\rewrite.php(46): require_once('FCPATH\\index.php')
CRITICAL - 2022-12-12 04:38:11 --> 22 : The requested URL returned error: 400
in SYSTEMPATH\HTTP\CURLRequest.php on line 655.
 1 SYSTEMPATH\HTTP\CURLRequest.php(655): CodeIgniter\HTTP\Exceptions\HTTPException::forCurlError('22', 'The requested URL returned error: 400')
 2 SYSTEMPATH\HTTP\CURLRequest.php(363): CodeIgniter\HTTP\CURLRequest->sendRequest([...])
 3 SYSTEMPATH\HTTP\CURLRequest.php(136): CodeIgniter\HTTP\CURLRequest->send('POST', 'http://api.rajaongkir.com/starter/cost')
 4 APPPATH\Helpers\RajaOngkir.php(42): CodeIgniter\HTTP\CURLRequest->request('POST', 'http://api.rajaongkir.com/starter/cost', [...])
 5 APPPATH\Helpers\RajaOngkir.php(65): App\Helpers\RajaOngkir->post('cost', [...], true)
 6 APPPATH\Controllers\Home.php(37): App\Helpers\RajaOngkir->getCost(null, null, '1000', 'jne', true)
 7 SYSTEMPATH\CodeIgniter.php(927): App\Controllers\Home->getCost()
 8 SYSTEMPATH\CodeIgniter.php(482): CodeIgniter\CodeIgniter->runController(Object(App\Controllers\Home))
 9 SYSTEMPATH\CodeIgniter.php(351): CodeIgniter\CodeIgniter->handleRequest(null, Object(Config\Cache), false)
10 FCPATH\index.php(67): CodeIgniter\CodeIgniter->run()
11 SYSTEMPATH\Commands\Server\rewrite.php(46): require_once('FCPATH\\index.php')
CRITICAL - 2022-12-12 04:41:54 --> 22 : The requested URL returned error: 400
in SYSTEMPATH\HTTP\CURLRequest.php on line 655.
 1 SYSTEMPATH\HTTP\CURLRequest.php(655): CodeIgniter\HTTP\Exceptions\HTTPException::forCurlError('22', 'The requested URL returned error: 400')
 2 SYSTEMPATH\HTTP\CURLRequest.php(363): CodeIgniter\HTTP\CURLRequest->sendRequest([...])
 3 SYSTEMPATH\HTTP\CURLRequest.php(136): CodeIgniter\HTTP\CURLRequest->send('GET', 'http://api.rajaongkir.com/starter/city?province=2')
 4 APPPATH\Helpers\RajaOngkir.php(26): CodeIgniter\HTTP\CURLRequest->request('GET', 'http://api.rajaongkir.com/starter/city', [...])
 5 APPPATH\Helpers\RajaOngkir.php(60): App\Helpers\RajaOngkir->get('city', [...], true)
 6 APPPATH\Controllers\Home.php(27): App\Helpers\RajaOngkir->getCity(null, '2', true)
 7 SYSTEMPATH\CodeIgniter.php(927): App\Controllers\Home->getCity()
 8 SYSTEMPATH\CodeIgniter.php(482): CodeIgniter\CodeIgniter->runController(Object(App\Controllers\Home))
 9 SYSTEMPATH\CodeIgniter.php(351): CodeIgniter\CodeIgniter->handleRequest(null, Object(Config\Cache), false)
10 FCPATH\index.php(67): CodeIgniter\CodeIgniter->run()
11 SYSTEMPATH\Commands\Server\rewrite.php(46): require_once('FCPATH\\index.php')
CRITICAL - 2022-12-12 04:42:12 --> 22 : The requested URL returned error: 400
in SYSTEMPATH\HTTP\CURLRequest.php on line 655.
 1 SYSTEMPATH\HTTP\CURLRequest.php(655): CodeIgniter\HTTP\Exceptions\HTTPException::forCurlError('22', 'The requested URL returned error: 400')
 2 SYSTEMPATH\HTTP\CURLRequest.php(363): CodeIgniter\HTTP\CURLRequest->sendRequest([...])
 3 SYSTEMPATH\HTTP\CURLRequest.php(136): CodeIgniter\HTTP\CURLRequest->send('GET', 'http://api.rajaongkir.com/starter/province')
 4 APPPATH\Helpers\RajaOngkir.php(26): CodeIgniter\HTTP\CURLRequest->request('GET', 'http://api.rajaongkir.com/starter/province', [...])
 5 APPPATH\Helpers\RajaOngkir.php(51): App\Helpers\RajaOngkir->get('province')
 6 APPPATH\Controllers\Home.php(17): App\Helpers\RajaOngkir->getProvince()
 7 SYSTEMPATH\CodeIgniter.php(927): App\Controllers\Home->index()
 8 SYSTEMPATH\CodeIgniter.php(482): CodeIgniter\CodeIgniter->runController(Object(App\Controllers\Home))
 9 SYSTEMPATH\CodeIgniter.php(351): CodeIgniter\CodeIgniter->handleRequest(null, Object(Config\Cache), false)
10 FCPATH\index.php(67): CodeIgniter\CodeIgniter->run()
11 SYSTEMPATH\Commands\Server\rewrite.php(46): require_once('FCPATH\\index.php')
CRITICAL - 2022-12-12 04:42:18 --> 22 : The requested URL returned error: 400
in SYSTEMPATH\HTTP\CURLRequest.php on line 655.
 1 SYSTEMPATH\HTTP\CURLRequest.php(655): CodeIgniter\HTTP\Exceptions\HTTPException::forCurlError('22', 'The requested URL returned error: 400')
 2 SYSTEMPATH\HTTP\CURLRequest.php(363): CodeIgniter\HTTP\CURLRequest->sendRequest([...])
 3 SYSTEMPATH\HTTP\CURLRequest.php(136): CodeIgniter\HTTP\CURLRequest->send('GET', 'http://api.rajaongkir.com/starter/province')
 4 APPPATH\Helpers\RajaOngkir.php(26): CodeIgniter\HTTP\CURLRequest->request('GET', 'http://api.rajaongkir.com/starter/province', [...])
 5 APPPATH\Helpers\RajaOngkir.php(51): App\Helpers\RajaOngkir->get('province')
 6 APPPATH\Controllers\Home.php(17): App\Helpers\RajaOngkir->getProvince()
 7 SYSTEMPATH\CodeIgniter.php(927): App\Controllers\Home->index()
 8 SYSTEMPATH\CodeIgniter.php(482): CodeIgniter\CodeIgniter->runController(Object(App\Controllers\Home))
 9 SYSTEMPATH\CodeIgniter.php(351): CodeIgniter\CodeIgniter->handleRequest(null, Object(Config\Cache), false)
10 FCPATH\index.php(67): CodeIgniter\CodeIgniter->run()
11 SYSTEMPATH\Commands\Server\rewrite.php(46): require_once('FCPATH\\index.php')
CRITICAL - 2022-12-12 04:42:28 --> 22 : The requested URL returned error: 400
in SYSTEMPATH\HTTP\CURLRequest.php on line 655.
 1 SYSTEMPATH\HTTP\CURLRequest.php(655): CodeIgniter\HTTP\Exceptions\HTTPException::forCurlError('22', 'The requested URL returned error: 400')
 2 SYSTEMPATH\HTTP\CURLRequest.php(363): CodeIgniter\HTTP\CURLRequest->sendRequest([...])
 3 SYSTEMPATH\HTTP\CURLRequest.php(136): CodeIgniter\HTTP\CURLRequest->send('GET', 'http://api.rajaongkir.com/starter/province')
 4 APPPATH\Helpers\RajaOngkir.php(26): CodeIgniter\HTTP\CURLRequest->request('GET', 'http://api.rajaongkir.com/starter/province', [...])
 5 APPPATH\Helpers\RajaOngkir.php(51): App\Helpers\RajaOngkir->get('province')
 6 APPPATH\Controllers\Home.php(17): App\Helpers\RajaOngkir->getProvince()
 7 SYSTEMPATH\CodeIgniter.php(927): App\Controllers\Home->index()
 8 SYSTEMPATH\CodeIgniter.php(482): CodeIgniter\CodeIgniter->runController(Object(App\Controllers\Home))
 9 SYSTEMPATH\CodeIgniter.php(351): CodeIgniter\CodeIgniter->handleRequest(null, Object(Config\Cache), false)
10 FCPATH\index.php(67): CodeIgniter\CodeIgniter->run()
11 SYSTEMPATH\Commands\Server\rewrite.php(46): require_once('FCPATH\\index.php')
CRITICAL - 2022-12-12 04:43:11 --> 22 : The requested URL returned error: 400
in SYSTEMPATH\HTTP\CURLRequest.php on line 655.
 1 SYSTEMPATH\HTTP\CURLRequest.php(655): CodeIgniter\HTTP\Exceptions\HTTPException::forCurlError('22', 'The requested URL returned error: 400')
 2 SYSTEMPATH\HTTP\CURLRequest.php(363): CodeIgniter\HTTP\CURLRequest->sendRequest([...])
 3 SYSTEMPATH\HTTP\CURLRequest.php(136): CodeIgniter\HTTP\CURLRequest->send('GET', 'http://api.rajaongkir.com/starter/province')
 4 APPPATH\Helpers\RajaOngkir.php(26): CodeIgniter\HTTP\CURLRequest->request('GET', 'http://api.rajaongkir.com/starter/province', [...])
 5 APPPATH\Helpers\RajaOngkir.php(51): App\Helpers\RajaOngkir->get('province')
 6 APPPATH\Controllers\Home.php(17): App\Helpers\RajaOngkir->getProvince()
 7 SYSTEMPATH\CodeIgniter.php(927): App\Controllers\Home->index()
 8 SYSTEMPATH\CodeIgniter.php(482): CodeIgniter\CodeIgniter->runController(Object(App\Controllers\Home))
 9 SYSTEMPATH\CodeIgniter.php(351): CodeIgniter\CodeIgniter->handleRequest(null, Object(Config\Cache), false)
10 FCPATH\index.php(67): CodeIgniter\CodeIgniter->run()
11 SYSTEMPATH\Commands\Server\rewrite.php(46): require_once('FCPATH\\index.php')
CRITICAL - 2022-12-12 04:43:15 --> 22 : The requested URL returned error: 400
in SYSTEMPATH\HTTP\CURLRequest.php on line 655.
 1 SYSTEMPATH\HTTP\CURLRequest.php(655): CodeIgniter\HTTP\Exceptions\HTTPException::forCurlError('22', 'The requested URL returned error: 400')
 2 SYSTEMPATH\HTTP\CURLRequest.php(363): CodeIgniter\HTTP\CURLRequest->sendRequest([...])
 3 SYSTEMPATH\HTTP\CURLRequest.php(136): CodeIgniter\HTTP\CURLRequest->send('GET', 'http://api.rajaongkir.com/starter/province')
 4 APPPATH\Helpers\RajaOngkir.php(26): CodeIgniter\HTTP\CURLRequest->request('GET', 'http://api.rajaongkir.com/starter/province', [...])
 5 APPPATH\Helpers\RajaOngkir.php(51): App\Helpers\RajaOngkir->get('province')
 6 APPPATH\Controllers\Home.php(17): App\Helpers\RajaOngkir->getProvince()
 7 SYSTEMPATH\CodeIgniter.php(927): App\Controllers\Home->index()
 8 SYSTEMPATH\CodeIgniter.php(482): CodeIgniter\CodeIgniter->runController(Object(App\Controllers\Home))
 9 SYSTEMPATH\CodeIgniter.php(351): CodeIgniter\CodeIgniter->handleRequest(null, Object(Config\Cache), false)
10 FCPATH\index.php(67): CodeIgniter\CodeIgniter->run()
11 SYSTEMPATH\Commands\Server\rewrite.php(46): require_once('FCPATH\\index.php')
CRITICAL - 2022-12-12 04:43:23 --> 22 : The requested URL returned error: 400
in SYSTEMPATH\HTTP\CURLRequest.php on line 655.
 1 SYSTEMPATH\HTTP\CURLRequest.php(655): CodeIgniter\HTTP\Exceptions\HTTPException::forCurlError('22', 'The requested URL returned error: 400')
 2 SYSTEMPATH\HTTP\CURLRequest.php(363): CodeIgniter\HTTP\CURLRequest->sendRequest([...])
 3 SYSTEMPATH\HTTP\CURLRequest.php(136): CodeIgniter\HTTP\CURLRequest->send('GET', 'http://api.rajaongkir.com/starter/province')
 4 APPPATH\Helpers\RajaOngkir.php(26): CodeIgniter\HTTP\CURLRequest->request('GET', 'http://api.rajaongkir.com/starter/province', [...])
 5 APPPATH\Helpers\RajaOngkir.php(51): App\Helpers\RajaOngkir->get('province')
 6 APPPATH\Controllers\Home.php(17): App\Helpers\RajaOngkir->getProvince()
 7 SYSTEMPATH\CodeIgniter.php(927): App\Controllers\Home->index()
 8 SYSTEMPATH\CodeIgniter.php(482): CodeIgniter\CodeIgniter->runController(Object(App\Controllers\Home))
 9 SYSTEMPATH\CodeIgniter.php(351): CodeIgniter\CodeIgniter->handleRequest(null, Object(Config\Cache), false)
10 FCPATH\index.php(67): CodeIgniter\CodeIgniter->run()
11 SYSTEMPATH\Commands\Server\rewrite.php(46): require_once('FCPATH\\index.php')
CRITICAL - 2022-12-12 04:43:46 --> 22 : The requested URL returned error: 400
in SYSTEMPATH\HTTP\CURLRequest.php on line 655.
 1 SYSTEMPATH\HTTP\CURLRequest.php(655): CodeIgniter\HTTP\Exceptions\HTTPException::forCurlError('22', 'The requested URL returned error: 400')
 2 SYSTEMPATH\HTTP\CURLRequest.php(363): CodeIgniter\HTTP\CURLRequest->sendRequest([...])
 3 SYSTEMPATH\HTTP\CURLRequest.php(136): CodeIgniter\HTTP\CURLRequest->send('GET', 'http://api.rajaongkir.com/starter/province')
 4 APPPATH\Helpers\RajaOngkir.php(26): CodeIgniter\HTTP\CURLRequest->request('GET', 'http://api.rajaongkir.com/starter/province', [...])
 5 APPPATH\Helpers\RajaOngkir.php(51): App\Helpers\RajaOngkir->get('province')
 6 APPPATH\Controllers\Home.php(17): App\Helpers\RajaOngkir->getProvince()
 7 SYSTEMPATH\CodeIgniter.php(927): App\Controllers\Home->index()
 8 SYSTEMPATH\CodeIgniter.php(482): CodeIgniter\CodeIgniter->runController(Object(App\Controllers\Home))
 9 SYSTEMPATH\CodeIgniter.php(351): CodeIgniter\CodeIgniter->handleRequest(null, Object(Config\Cache), false)
10 FCPATH\index.php(67): CodeIgniter\CodeIgniter->run()
11 SYSTEMPATH\Commands\Server\rewrite.php(46): require_once('FCPATH\\index.php')
CRITICAL - 2022-12-12 04:44:09 --> 22 : The requested URL returned error: 400
in SYSTEMPATH\HTTP\CURLRequest.php on line 655.
 1 SYSTEMPATH\HTTP\CURLRequest.php(655): CodeIgniter\HTTP\Exceptions\HTTPException::forCurlError('22', 'The requested URL returned error: 400')
 2 SYSTEMPATH\HTTP\CURLRequest.php(363): CodeIgniter\HTTP\CURLRequest->sendRequest([...])
 3 SYSTEMPATH\HTTP\CURLRequest.php(136): CodeIgniter\HTTP\CURLRequest->send('GET', 'http://api.rajaongkir.com/starter/province')
 4 APPPATH\Helpers\RajaOngkir.php(26): CodeIgniter\HTTP\CURLRequest->request('GET', 'http://api.rajaongkir.com/starter/province', [...])
 5 APPPATH\Helpers\RajaOngkir.php(51): App\Helpers\RajaOngkir->get('province')
 6 APPPATH\Controllers\Home.php(17): App\Helpers\RajaOngkir->getProvince()
 7 SYSTEMPATH\CodeIgniter.php(927): App\Controllers\Home->index()
 8 SYSTEMPATH\CodeIgniter.php(482): CodeIgniter\CodeIgniter->runController(Object(App\Controllers\Home))
 9 SYSTEMPATH\CodeIgniter.php(351): CodeIgniter\CodeIgniter->handleRequest(null, Object(Config\Cache), false)
10 FCPATH\index.php(67): CodeIgniter\CodeIgniter->run()
11 SYSTEMPATH\Commands\Server\rewrite.php(46): require_once('FCPATH\\index.php')
CRITICAL - 2022-12-12 04:44:10 --> 22 : The requested URL returned error: 400
in SYSTEMPATH\HTTP\CURLRequest.php on line 655.
 1 SYSTEMPATH\HTTP\CURLRequest.php(655): CodeIgniter\HTTP\Exceptions\HTTPException::forCurlError('22', 'The requested URL returned error: 400')
 2 SYSTEMPATH\HTTP\CURLRequest.php(363): CodeIgniter\HTTP\CURLRequest->sendRequest([...])
 3 SYSTEMPATH\HTTP\CURLRequest.php(136): CodeIgniter\HTTP\CURLRequest->send('GET', 'http://api.rajaongkir.com/starter/province')
 4 APPPATH\Helpers\RajaOngkir.php(26): CodeIgniter\HTTP\CURLRequest->request('GET', 'http://api.rajaongkir.com/starter/province', [...])
 5 APPPATH\Helpers\RajaOngkir.php(51): App\Helpers\RajaOngkir->get('province')
 6 APPPATH\Controllers\Home.php(17): App\Helpers\RajaOngkir->getProvince()
 7 SYSTEMPATH\CodeIgniter.php(927): App\Controllers\Home->index()
 8 SYSTEMPATH\CodeIgniter.php(482): CodeIgniter\CodeIgniter->runController(Object(App\Controllers\Home))
 9 SYSTEMPATH\CodeIgniter.php(351): CodeIgniter\CodeIgniter->handleRequest(null, Object(Config\Cache), false)
10 FCPATH\index.php(67): CodeIgniter\CodeIgniter->run()
11 SYSTEMPATH\Commands\Server\rewrite.php(46): require_once('FCPATH\\index.php')
CRITICAL - 2022-12-12 04:44:34 --> 22 : The requested URL returned error: 400
in SYSTEMPATH\HTTP\CURLRequest.php on line 655.
 1 SYSTEMPATH\HTTP\CURLRequest.php(655): CodeIgniter\HTTP\Exceptions\HTTPException::forCurlError('22', 'The requested URL returned error: 400')
 2 SYSTEMPATH\HTTP\CURLRequest.php(363): CodeIgniter\HTTP\CURLRequest->sendRequest([...])
 3 SYSTEMPATH\HTTP\CURLRequest.php(136): CodeIgniter\HTTP\CURLRequest->send('GET', 'http://api.rajaongkir.com/starter/province')
 4 APPPATH\Helpers\RajaOngkir.php(26): CodeIgniter\HTTP\CURLRequest->request('GET', 'http://api.rajaongkir.com/starter/province', [...])
 5 APPPATH\Helpers\RajaOngkir.php(51): App\Helpers\RajaOngkir->get('province')
 6 APPPATH\Controllers\Home.php(17): App\Helpers\RajaOngkir->getProvince()
 7 SYSTEMPATH\CodeIgniter.php(927): App\Controllers\Home->index()
 8 SYSTEMPATH\CodeIgniter.php(482): CodeIgniter\CodeIgniter->runController(Object(App\Controllers\Home))
 9 SYSTEMPATH\CodeIgniter.php(351): CodeIgniter\CodeIgniter->handleRequest(null, Object(Config\Cache), false)
10 FCPATH\index.php(67): CodeIgniter\CodeIgniter->run()
11 SYSTEMPATH\Commands\Server\rewrite.php(46): require_once('FCPATH\\index.php')
CRITICAL - 2022-12-12 04:44:47 --> 22 : The requested URL returned error: 400
in SYSTEMPATH\HTTP\CURLRequest.php on line 655.
 1 SYSTEMPATH\HTTP\CURLRequest.php(655): CodeIgniter\HTTP\Exceptions\HTTPException::forCurlError('22', 'The requested URL returned error: 400')
 2 SYSTEMPATH\HTTP\CURLRequest.php(363): CodeIgniter\HTTP\CURLRequest->sendRequest([...])
 3 SYSTEMPATH\HTTP\CURLRequest.php(136): CodeIgniter\HTTP\CURLRequest->send('GET', 'http://api.rajaongkir.com/starter/province')
 4 APPPATH\Helpers\RajaOngkir.php(26): CodeIgniter\HTTP\CURLRequest->request('GET', 'http://api.rajaongkir.com/starter/province', [...])
 5 APPPATH\Helpers\RajaOngkir.php(51): App\Helpers\RajaOngkir->get('province')
 6 APPPATH\Controllers\Home.php(17): App\Helpers\RajaOngkir->getProvince()
 7 SYSTEMPATH\CodeIgniter.php(927): App\Controllers\Home->index()
 8 SYSTEMPATH\CodeIgniter.php(482): CodeIgniter\CodeIgniter->runController(Object(App\Controllers\Home))
 9 SYSTEMPATH\CodeIgniter.php(351): CodeIgniter\CodeIgniter->handleRequest(null, Object(Config\Cache), false)
10 FCPATH\index.php(67): CodeIgniter\CodeIgniter->run()
11 SYSTEMPATH\Commands\Server\rewrite.php(46): require_once('FCPATH\\index.php')
CRITICAL - 2022-12-12 04:45:17 --> 22 : The requested URL returned error: 400
in SYSTEMPATH\HTTP\CURLRequest.php on line 655.
 1 SYSTEMPATH\HTTP\CURLRequest.php(655): CodeIgniter\HTTP\Exceptions\HTTPException::forCurlError('22', 'The requested URL returned error: 400')
 2 SYSTEMPATH\HTTP\CURLRequest.php(363): CodeIgniter\HTTP\CURLRequest->sendRequest([...])
 3 SYSTEMPATH\HTTP\CURLRequest.php(136): CodeIgniter\HTTP\CURLRequest->send('GET', 'http://api.rajaongkir.com/starter/province')
 4 APPPATH\Helpers\RajaOngkir.php(26): CodeIgniter\HTTP\CURLRequest->request('GET', 'http://api.rajaongkir.com/starter/province', [...])
 5 APPPATH\Helpers\RajaOngkir.php(51): App\Helpers\RajaOngkir->get('province')
 6 APPPATH\Controllers\Home.php(17): App\Helpers\RajaOngkir->getProvince()
 7 SYSTEMPATH\CodeIgniter.php(927): App\Controllers\Home->index()
 8 SYSTEMPATH\CodeIgniter.php(482): CodeIgniter\CodeIgniter->runController(Object(App\Controllers\Home))
 9 SYSTEMPATH\CodeIgniter.php(351): CodeIgniter\CodeIgniter->handleRequest(null, Object(Config\Cache), false)
10 FCPATH\index.php(67): CodeIgniter\CodeIgniter->run()
11 SYSTEMPATH\Commands\Server\rewrite.php(46): require_once('FCPATH\\index.php')
CRITICAL - 2022-12-12 04:46:03 --> 22 : The requested URL returned error: 400
in SYSTEMPATH\HTTP\CURLRequest.php on line 655.
 1 SYSTEMPATH\HTTP\CURLRequest.php(655): CodeIgniter\HTTP\Exceptions\HTTPException::forCurlError('22', 'The requested URL returned error: 400')
 2 SYSTEMPATH\HTTP\CURLRequest.php(363): CodeIgniter\HTTP\CURLRequest->sendRequest([...])
 3 SYSTEMPATH\HTTP\CURLRequest.php(136): CodeIgniter\HTTP\CURLRequest->send('GET', 'http://api.rajaongkir.com/starter/province')
 4 APPPATH\Helpers\RajaOngkir.php(26): CodeIgniter\HTTP\CURLRequest->request('GET', 'http://api.rajaongkir.com/starter/province', [...])
 5 APPPATH\Helpers\RajaOngkir.php(51): App\Helpers\RajaOngkir->get('province')
 6 APPPATH\Controllers\Home.php(17): App\Helpers\RajaOngkir->getProvince()
 7 SYSTEMPATH\CodeIgniter.php(927): App\Controllers\Home->index()
 8 SYSTEMPATH\CodeIgniter.php(482): CodeIgniter\CodeIgniter->runController(Object(App\Controllers\Home))
 9 SYSTEMPATH\CodeIgniter.php(351): CodeIgniter\CodeIgniter->handleRequest(null, Object(Config\Cache), false)
10 FCPATH\index.php(67): CodeIgniter\CodeIgniter->run()
11 SYSTEMPATH\Commands\Server\rewrite.php(46): require_once('FCPATH\\index.php')
CRITICAL - 2022-12-12 04:46:06 --> 22 : The requested URL returned error: 400
in SYSTEMPATH\HTTP\CURLRequest.php on line 655.
 1 SYSTEMPATH\HTTP\CURLRequest.php(655): CodeIgniter\HTTP\Exceptions\HTTPException::forCurlError('22', 'The requested URL returned error: 400')
 2 SYSTEMPATH\HTTP\CURLRequest.php(363): CodeIgniter\HTTP\CURLRequest->sendRequest([...])
 3 SYSTEMPATH\HTTP\CURLRequest.php(136): CodeIgniter\HTTP\CURLRequest->send('GET', 'http://api.rajaongkir.com/starter/province')
 4 APPPATH\Helpers\RajaOngkir.php(26): CodeIgniter\HTTP\CURLRequest->request('GET', 'http://api.rajaongkir.com/starter/province', [...])
 5 APPPATH\Helpers\RajaOngkir.php(51): App\Helpers\RajaOngkir->get('province')
 6 APPPATH\Controllers\Home.php(17): App\Helpers\RajaOngkir->getProvince()
 7 SYSTEMPATH\CodeIgniter.php(927): App\Controllers\Home->index()
 8 SYSTEMPATH\CodeIgniter.php(482): CodeIgniter\CodeIgniter->runController(Object(App\Controllers\Home))
 9 SYSTEMPATH\CodeIgniter.php(351): CodeIgniter\CodeIgniter->handleRequest(null, Object(Config\Cache), false)
10 FCPATH\index.php(67): CodeIgniter\CodeIgniter->run()
11 SYSTEMPATH\Commands\Server\rewrite.php(46): require_once('FCPATH\\index.php')
CRITICAL - 2022-12-12 04:47:33 --> 22 : The requested URL returned error: 400
in SYSTEMPATH\HTTP\CURLRequest.php on line 655.
 1 SYSTEMPATH\HTTP\CURLRequest.php(655): CodeIgniter\HTTP\Exceptions\HTTPException::forCurlError('22', 'The requested URL returned error: 400')
 2 SYSTEMPATH\HTTP\CURLRequest.php(363): CodeIgniter\HTTP\CURLRequest->sendRequest([...])
 3 SYSTEMPATH\HTTP\CURLRequest.php(136): CodeIgniter\HTTP\CURLRequest->send('GET', 'http://api.rajaongkir.com/starter/province')
 4 APPPATH\Helpers\RajaOngkir.php(26): CodeIgniter\HTTP\CURLRequest->request('GET', 'http://api.rajaongkir.com/starter/province', [...])
 5 APPPATH\Helpers\RajaOngkir.php(51): App\Helpers\RajaOngkir->get('province')
 6 APPPATH\Controllers\Home.php(17): App\Helpers\RajaOngkir->getProvince()
 7 SYSTEMPATH\CodeIgniter.php(927): App\Controllers\Home->index()
 8 SYSTEMPATH\CodeIgniter.php(482): CodeIgniter\CodeIgniter->runController(Object(App\Controllers\Home))
 9 SYSTEMPATH\CodeIgniter.php(351): CodeIgniter\CodeIgniter->handleRequest(null, Object(Config\Cache), false)
10 FCPATH\index.php(67): CodeIgniter\CodeIgniter->run()
11 SYSTEMPATH\Commands\Server\rewrite.php(46): require_once('FCPATH\\index.php')
CRITICAL - 2022-12-12 04:48:42 --> 22 : The requested URL returned error: 400
in SYSTEMPATH\HTTP\CURLRequest.php on line 655.
 1 SYSTEMPATH\HTTP\CURLRequest.php(655): CodeIgniter\HTTP\Exceptions\HTTPException::forCurlError('22', 'The requested URL returned error: 400')
 2 SYSTEMPATH\HTTP\CURLRequest.php(363): CodeIgniter\HTTP\CURLRequest->sendRequest([...])
 3 SYSTEMPATH\HTTP\CURLRequest.php(136): CodeIgniter\HTTP\CURLRequest->send('GET', 'http://api.rajaongkir.com/starter/province')
 4 APPPATH\Helpers\RajaOngkir.php(26): CodeIgniter\HTTP\CURLRequest->request('GET', 'http://api.rajaongkir.com/starter/province', [...])
 5 APPPATH\Helpers\RajaOngkir.php(51): App\Helpers\RajaOngkir->get('province')
 6 APPPATH\Controllers\Home.php(17): App\Helpers\RajaOngkir->getProvince()
 7 SYSTEMPATH\CodeIgniter.php(927): App\Controllers\Home->index()
 8 SYSTEMPATH\CodeIgniter.php(482): CodeIgniter\CodeIgniter->runController(Object(App\Controllers\Home))
 9 SYSTEMPATH\CodeIgniter.php(351): CodeIgniter\CodeIgniter->handleRequest(null, Object(Config\Cache), false)
10 FCPATH\index.php(67): CodeIgniter\CodeIgniter->run()
11 SYSTEMPATH\Commands\Server\rewrite.php(46): require_once('FCPATH\\index.php')
CRITICAL - 2022-12-12 04:48:43 --> 22 : The requested URL returned error: 400
in SYSTEMPATH\HTTP\CURLRequest.php on line 655.
 1 SYSTEMPATH\HTTP\CURLRequest.php(655): CodeIgniter\HTTP\Exceptions\HTTPException::forCurlError('22', 'The requested URL returned error: 400')
 2 SYSTEMPATH\HTTP\CURLRequest.php(363): CodeIgniter\HTTP\CURLRequest->sendRequest([...])
 3 SYSTEMPATH\HTTP\CURLRequest.php(136): CodeIgniter\HTTP\CURLRequest->send('GET', 'http://api.rajaongkir.com/starter/province')
 4 APPPATH\Helpers\RajaOngkir.php(26): CodeIgniter\HTTP\CURLRequest->request('GET', 'http://api.rajaongkir.com/starter/province', [...])
 5 APPPATH\Helpers\RajaOngkir.php(51): App\Helpers\RajaOngkir->get('province')
 6 APPPATH\Controllers\Home.php(17): App\Helpers\RajaOngkir->getProvince()
 7 SYSTEMPATH\CodeIgniter.php(927): App\Controllers\Home->index()
 8 SYSTEMPATH\CodeIgniter.php(482): CodeIgniter\CodeIgniter->runController(Object(App\Controllers\Home))
 9 SYSTEMPATH\CodeIgniter.php(351): CodeIgniter\CodeIgniter->handleRequest(null, Object(Config\Cache), false)
10 FCPATH\index.php(67): CodeIgniter\CodeIgniter->run()
11 SYSTEMPATH\Commands\Server\rewrite.php(46): require_once('FCPATH\\index.php')
CRITICAL - 2022-12-12 04:49:22 --> 22 : The requested URL returned error: 400
in SYSTEMPATH\HTTP\CURLRequest.php on line 655.
 1 SYSTEMPATH\HTTP\CURLRequest.php(655): CodeIgniter\HTTP\Exceptions\HTTPException::forCurlError('22', 'The requested URL returned error: 400')
 2 SYSTEMPATH\HTTP\CURLRequest.php(363): CodeIgniter\HTTP\CURLRequest->sendRequest([...])
 3 SYSTEMPATH\HTTP\CURLRequest.php(136): CodeIgniter\HTTP\CURLRequest->send('GET', 'http://api.rajaongkir.com/starter/province')
 4 APPPATH\Helpers\RajaOngkir.php(26): CodeIgniter\HTTP\CURLRequest->request('GET', 'http://api.rajaongkir.com/starter/province', [...])
 5 APPPATH\Helpers\RajaOngkir.php(52): App\Helpers\RajaOngkir->get('province')
 6 APPPATH\Controllers\Home.php(17): App\Helpers\RajaOngkir->getProvince()
 7 SYSTEMPATH\CodeIgniter.php(927): App\Controllers\Home->index()
 8 SYSTEMPATH\CodeIgniter.php(482): CodeIgniter\CodeIgniter->runController(Object(App\Controllers\Home))
 9 SYSTEMPATH\CodeIgniter.php(351): CodeIgniter\CodeIgniter->handleRequest(null, Object(Config\Cache), false)
10 FCPATH\index.php(67): CodeIgniter\CodeIgniter->run()
11 SYSTEMPATH\Commands\Server\rewrite.php(46): require_once('FCPATH\\index.php')
CRITICAL - 2022-12-12 04:49:44 --> 22 : The requested URL returned error: 400
in SYSTEMPATH\HTTP\CURLRequest.php on line 655.
 1 SYSTEMPATH\HTTP\CURLRequest.php(655): CodeIgniter\HTTP\Exceptions\HTTPException::forCurlError('22', 'The requested URL returned error: 400')
 2 SYSTEMPATH\HTTP\CURLRequest.php(363): CodeIgniter\HTTP\CURLRequest->sendRequest([...])
 3 SYSTEMPATH\HTTP\CURLRequest.php(136): CodeIgniter\HTTP\CURLRequest->send('GET', 'http://api.rajaongkir.com/starter/province')
 4 APPPATH\Helpers\RajaOngkir.php(24): CodeIgniter\HTTP\CURLRequest->request('GET', 'http://api.rajaongkir.com/starter/province', [...])
 5 APPPATH\Helpers\RajaOngkir.php(51): App\Helpers\RajaOngkir->get('province')
 6 APPPATH\Controllers\Home.php(17): App\Helpers\RajaOngkir->getProvince()
 7 SYSTEMPATH\CodeIgniter.php(927): App\Controllers\Home->index()
 8 SYSTEMPATH\CodeIgniter.php(482): CodeIgniter\CodeIgniter->runController(Object(App\Controllers\Home))
 9 SYSTEMPATH\CodeIgniter.php(351): CodeIgniter\CodeIgniter->handleRequest(null, Object(Config\Cache), false)
10 FCPATH\index.php(67): CodeIgniter\CodeIgniter->run()
11 SYSTEMPATH\Commands\Server\rewrite.php(46): require_once('FCPATH\\index.php')
CRITICAL - 2022-12-12 04:51:08 --> 22 : The requested URL returned error: 400
in SYSTEMPATH\HTTP\CURLRequest.php on line 655.
 1 SYSTEMPATH\HTTP\CURLRequest.php(655): CodeIgniter\HTTP\Exceptions\HTTPException::forCurlError('22', 'The requested URL returned error: 400')
 2 SYSTEMPATH\HTTP\CURLRequest.php(363): CodeIgniter\HTTP\CURLRequest->sendRequest([...])
 3 SYSTEMPATH\HTTP\CURLRequest.php(136): CodeIgniter\HTTP\CURLRequest->send('GET', 'http://api.rajaongkir.com/starter/province')
 4 APPPATH\Helpers\RajaOngkir.php(26): CodeIgniter\HTTP\CURLRequest->request('GET', 'http://api.rajaongkir.com/starter/province', [...])
 5 APPPATH\Helpers\RajaOngkir.php(52): App\Helpers\RajaOngkir->get('province')
 6 APPPATH\Controllers\Home.php(17): App\Helpers\RajaOngkir->getProvince()
 7 SYSTEMPATH\CodeIgniter.php(927): App\Controllers\Home->index()
 8 SYSTEMPATH\CodeIgniter.php(482): CodeIgniter\CodeIgniter->runController(Object(App\Controllers\Home))
 9 SYSTEMPATH\CodeIgniter.php(351): CodeIgniter\CodeIgniter->handleRequest(null, Object(Config\Cache), false)
10 FCPATH\index.php(67): CodeIgniter\CodeIgniter->run()
11 SYSTEMPATH\Commands\Server\rewrite.php(46): require_once('FCPATH\\index.php')
CRITICAL - 2022-12-12 04:52:44 --> foreach() argument must be of type array|object, null given
in APPPATH\Views\order.php on line 23.
 1 APPPATH\Views\order.php(23): CodeIgniter\Debug\Exceptions->errorHandler(2, 'foreach() argument must be of type array|object, null given', 'APPPATH\\Views\\order.php', 23)
 2 SYSTEMPATH\View\View.php(213): include('APPPATH\\Views\\order.php')
 3 SYSTEMPATH\View\View.php(216): CodeIgniter\View\View->CodeIgniter\View\{closure}()
 4 SYSTEMPATH\Common.php(1134): CodeIgniter\View\View->render('order', [], true)
 5 APPPATH\Controllers\Home.php(22): view('order', [...])
 6 SYSTEMPATH\CodeIgniter.php(927): App\Controllers\Home->index()
 7 SYSTEMPATH\CodeIgniter.php(482): CodeIgniter\CodeIgniter->runController(Object(App\Controllers\Home))
 8 SYSTEMPATH\CodeIgniter.php(351): CodeIgniter\CodeIgniter->handleRequest(null, Object(Config\Cache), false)
 9 FCPATH\index.php(67): CodeIgniter\CodeIgniter->run()
10 SYSTEMPATH\Commands\Server\rewrite.php(46): require_once('FCPATH\\index.php')
CRITICAL - 2022-12-12 04:53:00 --> foreach() argument must be of type array|object, null given
in APPPATH\Views\order.php on line 23.
 1 APPPATH\Views\order.php(23): CodeIgniter\Debug\Exceptions->errorHandler(2, 'foreach() argument must be of type array|object, null given', 'APPPATH\\Views\\order.php', 23)
 2 SYSTEMPATH\View\View.php(213): include('APPPATH\\Views\\order.php')
 3 SYSTEMPATH\View\View.php(216): CodeIgniter\View\View->CodeIgniter\View\{closure}()
 4 SYSTEMPATH\Common.php(1134): CodeIgniter\View\View->render('order', [], true)
 5 APPPATH\Controllers\Home.php(22): view('order', [...])
 6 SYSTEMPATH\CodeIgniter.php(927): App\Controllers\Home->index()
 7 SYSTEMPATH\CodeIgniter.php(482): CodeIgniter\CodeIgniter->runController(Object(App\Controllers\Home))
 8 SYSTEMPATH\CodeIgniter.php(351): CodeIgniter\CodeIgniter->handleRequest(null, Object(Config\Cache), false)
 9 FCPATH\index.php(67): CodeIgniter\CodeIgniter->run()
10 SYSTEMPATH\Commands\Server\rewrite.php(46): require_once('FCPATH\\index.php')
CRITICAL - 2022-12-12 04:54:38 --> 22 : The requested URL returned error: 400
in SYSTEMPATH\HTTP\CURLRequest.php on line 655.
 1 SYSTEMPATH\HTTP\CURLRequest.php(655): CodeIgniter\HTTP\Exceptions\HTTPException::forCurlError('22', 'The requested URL returned error: 400')
 2 SYSTEMPATH\HTTP\CURLRequest.php(363): CodeIgniter\HTTP\CURLRequest->sendRequest([...])
 3 SYSTEMPATH\HTTP\CURLRequest.php(136): CodeIgniter\HTTP\CURLRequest->send('GET', 'http://api.rajaongkir.com/starter/province')
 4 APPPATH\Helpers\RajaOngkir.php(26): CodeIgniter\HTTP\CURLRequest->request('GET', 'http://api.rajaongkir.com/starter/province', [...])
 5 APPPATH\Helpers\RajaOngkir.php(53): App\Helpers\RajaOngkir->get('province')
 6 APPPATH\Controllers\Home.php(17): App\Helpers\RajaOngkir->getProvince()
 7 SYSTEMPATH\CodeIgniter.php(927): App\Controllers\Home->index()
 8 SYSTEMPATH\CodeIgniter.php(482): CodeIgniter\CodeIgniter->runController(Object(App\Controllers\Home))
 9 SYSTEMPATH\CodeIgniter.php(351): CodeIgniter\CodeIgniter->handleRequest(null, Object(Config\Cache), false)
10 FCPATH\index.php(67): CodeIgniter\CodeIgniter->run()
11 SYSTEMPATH\Commands\Server\rewrite.php(46): require_once('FCPATH\\index.php')
CRITICAL - 2022-12-12 04:55:35 --> 22 : The requested URL returned error: 400
in SYSTEMPATH\HTTP\CURLRequest.php on line 655.
 1 SYSTEMPATH\HTTP\CURLRequest.php(655): CodeIgniter\HTTP\Exceptions\HTTPException::forCurlError('22', 'The requested URL returned error: 400')
 2 SYSTEMPATH\HTTP\CURLRequest.php(363): CodeIgniter\HTTP\CURLRequest->sendRequest([...])
 3 SYSTEMPATH\HTTP\CURLRequest.php(136): CodeIgniter\HTTP\CURLRequest->send('GET', 'http://api.rajaongkir.com/starter/province')
 4 APPPATH\Helpers\RajaOngkir.php(26): CodeIgniter\HTTP\CURLRequest->request('GET', 'http://api.rajaongkir.com/starter/province', [...])
 5 APPPATH\Helpers\RajaOngkir.php(64): App\Helpers\RajaOngkir->get('province')
 6 APPPATH\Controllers\Home.php(17): App\Helpers\RajaOngkir->getProvince()
 7 SYSTEMPATH\CodeIgniter.php(927): App\Controllers\Home->index()
 8 SYSTEMPATH\CodeIgniter.php(482): CodeIgniter\CodeIgniter->runController(Object(App\Controllers\Home))
 9 SYSTEMPATH\CodeIgniter.php(351): CodeIgniter\CodeIgniter->handleRequest(null, Object(Config\Cache), false)
10 FCPATH\index.php(67): CodeIgniter\CodeIgniter->run()
11 SYSTEMPATH\Commands\Server\rewrite.php(46): require_once('FCPATH\\index.php')
